<?xml version="1.0" encoding="UTF-8"?>
<robot generator="Robot 3.1.2 (Python 3.7.4 on win32)" generated="20190831 12:23:11.996" rpa="false">
<suite id="s1" name="Homepagelink" source="C:\Users\shadl\PycharmProjects\EmersonWithRobot\homepagelink.robot">
<test id="s1-t1" name="Get All Links">
<kw name="Open Browser" library="Selenium2Library">
<doc>Opens a new browser instance to the given ``url``.</doc>
<arguments>
<arg>${HomePageURL}</arg>
<arg>${BROWSER}</arg>
</arguments>
<msg timestamp="20190831 12:23:12.726" level="INFO">Opening browser 'Chrome' to base url 'https://www.emersonecologics.com/'.</msg>
<status status="PASS" starttime="20190831 12:23:12.725" endtime="20190831 12:23:19.150"></status>
</kw>
<kw name="Maximize Browser Window" library="Selenium2Library">
<doc>Maximizes current browser window.</doc>
<status status="PASS" starttime="20190831 12:23:19.152" endtime="20190831 12:23:20.576"></status>
</kw>
<kw name="Comment" library="BuiltIn">
<doc>Displays the given messages in the log file as keyword arguments.</doc>
<arguments>
<arg>Count Number Of Linkds on the Page</arg>
</arguments>
<status status="PASS" starttime="20190831 12:23:20.593" endtime="20190831 12:23:20.593"></status>
</kw>
<kw name="Get Element Count" library="Selenium2Library">
<doc>Returns number of elements matching ``locator``.</doc>
<arguments>
<arg>//a</arg>
</arguments>
<assign>
<var>${AllLinksCount}</var>
</assign>
<msg timestamp="20190831 12:23:20.810" level="INFO">${AllLinksCount} = 183</msg>
<status status="PASS" starttime="20190831 12:23:20.612" endtime="20190831 12:23:20.810"></status>
</kw>
<kw name="Comment" library="BuiltIn">
<doc>Displays the given messages in the log file as keyword arguments.</doc>
<arguments>
<arg>Log links count</arg>
</arguments>
<status status="PASS" starttime="20190831 12:23:20.810" endtime="20190831 12:23:20.811"></status>
</kw>
<kw name="Log" library="BuiltIn">
<doc>Logs the given message with the given level.</doc>
<arguments>
<arg>${AllLinksCount}</arg>
</arguments>
<msg timestamp="20190831 12:23:20.812" level="INFO">183</msg>
<status status="PASS" starttime="20190831 12:23:20.811" endtime="20190831 12:23:20.812"></status>
</kw>
<kw name="Comment" library="BuiltIn">
<doc>Displays the given messages in the log file as keyword arguments.</doc>
<arguments>
<arg>Create a list to store link texts</arg>
</arguments>
<status status="PASS" starttime="20190831 12:23:20.812" endtime="20190831 12:23:20.812"></status>
</kw>
<kw name="Create List" library="BuiltIn">
<doc>Returns a list containing given items.</doc>
<assign>
<var>@{LinkItems}</var>
</assign>
<msg timestamp="20190831 12:23:20.813" level="INFO">@{LinkItems} = [ ]</msg>
<status status="PASS" starttime="20190831 12:23:20.813" endtime="20190831 12:23:20.813"></status>
</kw>
<kw name="Comment" library="BuiltIn">
<doc>Displays the given messages in the log file as keyword arguments.</doc>
<arguments>
<arg>Loop through all links and store links value that has length more than 1 character</arg>
</arguments>
<status status="PASS" starttime="20190831 12:23:20.814" endtime="20190831 12:23:20.814"></status>
</kw>
<kw name="${INDEX} IN RANGE [ 1 | ${AllLinksCount} ]" type="for">
<kw name="${INDEX} = 1" type="foritem">
<kw name="Log" library="BuiltIn">
<doc>Logs the given message with the given level.</doc>
<arguments>
<arg>${INDEX}</arg>
</arguments>
<msg timestamp="20190831 12:23:20.815" level="INFO">1</msg>
<status status="PASS" starttime="20190831 12:23:20.815" endtime="20190831 12:23:20.815"></status>
</kw>
<kw name="Get Text" library="Selenium2Library">
<doc>Returns the text value of element identified by ``locator``.</doc>
<arguments>
<arg>xpath=(//a)[${INDEX}]</arg>
</arguments>
<assign>
<var>${lintext}</var>
</assign>
<msg timestamp="20190831 12:23:20.880" level="INFO">${lintext} = </msg>
<status status="PASS" starttime="20190831 12:23:20.815" endtime="20190831 12:23:20.880"></status>
</kw>
<kw name="Log" library="BuiltIn">
<doc>Logs the given message with the given level.</doc>
<arguments>
<arg>${lintext}</arg>
</arguments>
<msg timestamp="20190831 12:23:20.881" level="INFO"></msg>
<status status="PASS" starttime="20190831 12:23:20.880" endtime="20190831 12:23:20.881"></status>
</kw>
<kw name="Get Length" library="BuiltIn">
<doc>Returns and logs the length of the given item as an integer.</doc>
<arguments>
<arg>${lintext}</arg>
</arguments>
<assign>
<var>${linklength}</var>
</assign>
<msg timestamp="20190831 12:23:20.881" level="INFO">Length is 0</msg>
<msg timestamp="20190831 12:23:20.881" level="INFO">${linklength} = 0</msg>
<status status="PASS" starttime="20190831 12:23:20.881" endtime="20190831 12:23:20.881"></status>
</kw>
<kw name="Run Keyword If" library="BuiltIn">
<doc>Runs the given keyword with the given arguments, if ``condition`` is true.</doc>
<arguments>
<arg>${linklength}&gt;1</arg>
<arg>Append To List</arg>
<arg>${LinkItems}</arg>
<arg>${lintext}</arg>
</arguments>
<status status="PASS" starttime="20190831 12:23:20.881" endtime="20190831 12:23:20.881"></status>
</kw>
<status status="PASS" starttime="20190831 12:23:20.815" endtime="20190831 12:23:20.881"></status>
</kw>
<kw name="${INDEX} = 2" type="foritem">
<kw name="Log" library="BuiltIn">
<doc>Logs the given message with the given level.</doc>
<arguments>
<arg>${INDEX}</arg>
</arguments>
<msg timestamp="20190831 12:23:20.882" level="INFO">2</msg>
<status status="PASS" starttime="20190831 12:23:20.882" endtime="20190831 12:23:20.882"></status>
</kw>
<kw name="Get Text" library="Selenium2Library">
<doc>Returns the text value of element identified by ``locator``.</doc>
<arguments>
<arg>xpath=(//a)[${INDEX}]</arg>
</arguments>
<assign>
<var>${lintext}</var>
</assign>
<msg timestamp="20190831 12:23:20.917" level="INFO">${lintext} = </msg>
<status status="PASS" starttime="20190831 12:23:20.882" endtime="20190831 12:23:20.917"></status>
</kw>
<kw name="Log" library="BuiltIn">
<doc>Logs the given message with the given level.</doc>
<arguments>
<arg>${lintext}</arg>
</arguments>
<msg timestamp="20190831 12:23:20.917" level="INFO"></msg>
<status status="PASS" starttime="20190831 12:23:20.917" endtime="20190831 12:23:20.917"></status>
</kw>
<kw name="Get Length" library="BuiltIn">
<doc>Returns and logs the length of the given item as an integer.</doc>
<arguments>
<arg>${lintext}</arg>
</arguments>
<assign>
<var>${linklength}</var>
</assign>
<msg timestamp="20190831 12:23:20.918" level="INFO">Length is 0</msg>
<msg timestamp="20190831 12:23:20.918" level="INFO">${linklength} = 0</msg>
<status status="PASS" starttime="20190831 12:23:20.918" endtime="20190831 12:23:20.918"></status>
</kw>
<kw name="Run Keyword If" library="BuiltIn">
<doc>Runs the given keyword with the given arguments, if ``condition`` is true.</doc>
<arguments>
<arg>${linklength}&gt;1</arg>
<arg>Append To List</arg>
<arg>${LinkItems}</arg>
<arg>${lintext}</arg>
</arguments>
<status status="PASS" starttime="20190831 12:23:20.918" endtime="20190831 12:23:20.919"></status>
</kw>
<status status="PASS" starttime="20190831 12:23:20.882" endtime="20190831 12:23:20.919"></status>
</kw>
<kw name="${INDEX} = 3" type="foritem">
<kw name="Log" library="BuiltIn">
<doc>Logs the given message with the given level.</doc>
<arguments>
<arg>${INDEX}</arg>
</arguments>
<msg timestamp="20190831 12:23:20.919" level="INFO">3</msg>
<status status="PASS" starttime="20190831 12:23:20.919" endtime="20190831 12:23:20.919"></status>
</kw>
<kw name="Get Text" library="Selenium2Library">
<doc>Returns the text value of element identified by ``locator``.</doc>
<arguments>
<arg>xpath=(//a)[${INDEX}]</arg>
</arguments>
<assign>
<var>${lintext}</var>
</assign>
<msg timestamp="20190831 12:23:20.953" level="INFO">${lintext} = </msg>
<status status="PASS" starttime="20190831 12:23:20.919" endtime="20190831 12:23:20.953"></status>
</kw>
<kw name="Log" library="BuiltIn">
<doc>Logs the given message with the given level.</doc>
<arguments>
<arg>${lintext}</arg>
</arguments>
<msg timestamp="20190831 12:23:20.954" level="INFO"></msg>
<status status="PASS" starttime="20190831 12:23:20.954" endtime="20190831 12:23:20.954"></status>
</kw>
<kw name="Get Length" library="BuiltIn">
<doc>Returns and logs the length of the given item as an integer.</doc>
<arguments>
<arg>${lintext}</arg>
</arguments>
<assign>
<var>${linklength}</var>
</assign>
<msg timestamp="20190831 12:23:20.955" level="INFO">Length is 0</msg>
<msg timestamp="20190831 12:23:20.955" level="INFO">${linklength} = 0</msg>
<status status="PASS" starttime="20190831 12:23:20.954" endtime="20190831 12:23:20.955"></status>
</kw>
<kw name="Run Keyword If" library="BuiltIn">
<doc>Runs the given keyword with the given arguments, if ``condition`` is true.</doc>
<arguments>
<arg>${linklength}&gt;1</arg>
<arg>Append To List</arg>
<arg>${LinkItems}</arg>
<arg>${lintext}</arg>
</arguments>
<status status="PASS" starttime="20190831 12:23:20.955" endtime="20190831 12:23:20.956"></status>
</kw>
<status status="PASS" starttime="20190831 12:23:20.919" endtime="20190831 12:23:20.956"></status>
</kw>
<kw name="${INDEX} = 4" type="foritem">
<kw name="Log" library="BuiltIn">
<doc>Logs the given message with the given level.</doc>
<arguments>
<arg>${INDEX}</arg>
</arguments>
<msg timestamp="20190831 12:23:20.956" level="INFO">4</msg>
<status status="PASS" starttime="20190831 12:23:20.956" endtime="20190831 12:23:20.956"></status>
</kw>
<kw name="Get Text" library="Selenium2Library">
<doc>Returns the text value of element identified by ``locator``.</doc>
<arguments>
<arg>xpath=(//a)[${INDEX}]</arg>
</arguments>
<assign>
<var>${lintext}</var>
</assign>
<msg timestamp="20190831 12:23:20.990" level="INFO">${lintext} = </msg>
<status status="PASS" starttime="20190831 12:23:20.956" endtime="20190831 12:23:20.990"></status>
</kw>
<kw name="Log" library="BuiltIn">
<doc>Logs the given message with the given level.</doc>
<arguments>
<arg>${lintext}</arg>
</arguments>
<msg timestamp="20190831 12:23:20.990" level="INFO"></msg>
<status status="PASS" starttime="20190831 12:23:20.990" endtime="20190831 12:23:20.990"></status>
</kw>
<kw name="Get Length" library="BuiltIn">
<doc>Returns and logs the length of the given item as an integer.</doc>
<arguments>
<arg>${lintext}</arg>
</arguments>
<assign>
<var>${linklength}</var>
</assign>
<msg timestamp="20190831 12:23:20.991" level="INFO">Length is 0</msg>
<msg timestamp="20190831 12:23:20.991" level="INFO">${linklength} = 0</msg>
<status status="PASS" starttime="20190831 12:23:20.990" endtime="20190831 12:23:20.991"></status>
</kw>
<kw name="Run Keyword If" library="BuiltIn">
<doc>Runs the given keyword with the given arguments, if ``condition`` is true.</doc>
<arguments>
<arg>${linklength}&gt;1</arg>
<arg>Append To List</arg>
<arg>${LinkItems}</arg>
<arg>${lintext}</arg>
</arguments>
<status status="PASS" starttime="20190831 12:23:20.991" endtime="20190831 12:23:20.991"></status>
</kw>
<status status="PASS" starttime="20190831 12:23:20.956" endtime="20190831 12:23:20.991"></status>
</kw>
<kw name="${INDEX} = 5" type="foritem">
<kw name="Log" library="BuiltIn">
<doc>Logs the given message with the given level.</doc>
<arguments>
<arg>${INDEX}</arg>
</arguments>
<msg timestamp="20190831 12:23:20.992" level="INFO">5</msg>
<status status="PASS" starttime="20190831 12:23:20.992" endtime="20190831 12:23:20.992"></status>
</kw>
<kw name="Get Text" library="Selenium2Library">
<doc>Returns the text value of element identified by ``locator``.</doc>
<arguments>
<arg>xpath=(//a)[${INDEX}]</arg>
</arguments>
<assign>
<var>${lintext}</var>
</assign>
<msg timestamp="20190831 12:23:21.026" level="INFO">${lintext} = </msg>
<status status="PASS" starttime="20190831 12:23:20.992" endtime="20190831 12:23:21.026"></status>
</kw>
<kw name="Log" library="BuiltIn">
<doc>Logs the given message with the given level.</doc>
<arguments>
<arg>${lintext}</arg>
</arguments>
<msg timestamp="20190831 12:23:21.026" level="INFO"></msg>
<status status="PASS" starttime="20190831 12:23:21.026" endtime="20190831 12:23:21.026"></status>
</kw>
<kw name="Get Length" library="BuiltIn">
<doc>Returns and logs the length of the given item as an integer.</doc>
<arguments>
<arg>${lintext}</arg>
</arguments>
<assign>
<var>${linklength}</var>
</assign>
<msg timestamp="20190831 12:23:21.027" level="INFO">Length is 0</msg>
<msg timestamp="20190831 12:23:21.027" level="INFO">${linklength} = 0</msg>
<status status="PASS" starttime="20190831 12:23:21.027" endtime="20190831 12:23:21.027"></status>
</kw>
<kw name="Run Keyword If" library="BuiltIn">
<doc>Runs the given keyword with the given arguments, if ``condition`` is true.</doc>
<arguments>
<arg>${linklength}&gt;1</arg>
<arg>Append To List</arg>
<arg>${LinkItems}</arg>
<arg>${lintext}</arg>
</arguments>
<status status="PASS" starttime="20190831 12:23:21.027" endtime="20190831 12:23:21.027"></status>
</kw>
<status status="PASS" starttime="20190831 12:23:20.992" endtime="20190831 12:23:21.027"></status>
</kw>
<kw name="${INDEX} = 6" type="foritem">
<kw name="Log" library="BuiltIn">
<doc>Logs the given message with the given level.</doc>
<arguments>
<arg>${INDEX}</arg>
</arguments>
<msg timestamp="20190831 12:23:21.028" level="INFO">6</msg>
<status status="PASS" starttime="20190831 12:23:21.028" endtime="20190831 12:23:21.028"></status>
</kw>
<kw name="Get Text" library="Selenium2Library">
<doc>Returns the text value of element identified by ``locator``.</doc>
<arguments>
<arg>xpath=(//a)[${INDEX}]</arg>
</arguments>
<assign>
<var>${lintext}</var>
</assign>
<msg timestamp="20190831 12:23:21.060" level="INFO">${lintext} = </msg>
<status status="PASS" starttime="20190831 12:23:21.028" endtime="20190831 12:23:21.060"></status>
</kw>
<kw name="Log" library="BuiltIn">
<doc>Logs the given message with the given level.</doc>
<arguments>
<arg>${lintext}</arg>
</arguments>
<msg timestamp="20190831 12:23:21.061" level="INFO"></msg>
<status status="PASS" starttime="20190831 12:23:21.060" endtime="20190831 12:23:21.061"></status>
</kw>
<kw name="Get Length" library="BuiltIn">
<doc>Returns and logs the length of the given item as an integer.</doc>
<arguments>
<arg>${lintext}</arg>
</arguments>
<assign>
<var>${linklength}</var>
</assign>
<msg timestamp="20190831 12:23:21.061" level="INFO">Length is 0</msg>
<msg timestamp="20190831 12:23:21.061" level="INFO">${linklength} = 0</msg>
<status status="PASS" starttime="20190831 12:23:21.061" endtime="20190831 12:23:21.061"></status>
</kw>
<kw name="Run Keyword If" library="BuiltIn">
<doc>Runs the given keyword with the given arguments, if ``condition`` is true.</doc>
<arguments>
<arg>${linklength}&gt;1</arg>
<arg>Append To List</arg>
<arg>${LinkItems}</arg>
<arg>${lintext}</arg>
</arguments>
<status status="PASS" starttime="20190831 12:23:21.062" endtime="20190831 12:23:21.062"></status>
</kw>
<status status="PASS" starttime="20190831 12:23:21.027" endtime="20190831 12:23:21.062"></status>
</kw>
<kw name="${INDEX} = 7" type="foritem">
<kw name="Log" library="BuiltIn">
<doc>Logs the given message with the given level.</doc>
<arguments>
<arg>${INDEX}</arg>
</arguments>
<msg timestamp="20190831 12:23:21.063" level="INFO">7</msg>
<status status="PASS" starttime="20190831 12:23:21.062" endtime="20190831 12:23:21.063"></status>
</kw>
<kw name="Get Text" library="Selenium2Library">
<doc>Returns the text value of element identified by ``locator``.</doc>
<arguments>
<arg>xpath=(//a)[${INDEX}]</arg>
</arguments>
<assign>
<var>${lintext}</var>
</assign>
<msg timestamp="20190831 12:23:21.096" level="INFO">${lintext} = </msg>
<status status="PASS" starttime="20190831 12:23:21.063" endtime="20190831 12:23:21.096"></status>
</kw>
<kw name="Log" library="BuiltIn">
<doc>Logs the given message with the given level.</doc>
<arguments>
<arg>${lintext}</arg>
</arguments>
<msg timestamp="20190831 12:23:21.096" level="INFO"></msg>
<status status="PASS" starttime="20190831 12:23:21.096" endtime="20190831 12:23:21.096"></status>
</kw>
<kw name="Get Length" library="BuiltIn">
<doc>Returns and logs the length of the given item as an integer.</doc>
<arguments>
<arg>${lintext}</arg>
</arguments>
<assign>
<var>${linklength}</var>
</assign>
<msg timestamp="20190831 12:23:21.097" level="INFO">Length is 0</msg>
<msg timestamp="20190831 12:23:21.097" level="INFO">${linklength} = 0</msg>
<status status="PASS" starttime="20190831 12:23:21.097" endtime="20190831 12:23:21.097"></status>
</kw>
<kw name="Run Keyword If" library="BuiltIn">
<doc>Runs the given keyword with the given arguments, if ``condition`` is true.</doc>
<arguments>
<arg>${linklength}&gt;1</arg>
<arg>Append To List</arg>
<arg>${LinkItems}</arg>
<arg>${lintext}</arg>
</arguments>
<status status="PASS" starttime="20190831 12:23:21.097" endtime="20190831 12:23:21.098"></status>
</kw>
<status status="PASS" starttime="20190831 12:23:21.062" endtime="20190831 12:23:21.098"></status>
</kw>
<kw name="${INDEX} = 8" type="foritem">
<kw name="Log" library="BuiltIn">
<doc>Logs the given message with the given level.</doc>
<arguments>
<arg>${INDEX}</arg>
</arguments>
<msg timestamp="20190831 12:23:21.098" level="INFO">8</msg>
<status status="PASS" starttime="20190831 12:23:21.098" endtime="20190831 12:23:21.098"></status>
</kw>
<kw name="Get Text" library="Selenium2Library">
<doc>Returns the text value of element identified by ``locator``.</doc>
<arguments>
<arg>xpath=(//a)[${INDEX}]</arg>
</arguments>
<assign>
<var>${lintext}</var>
</assign>
<msg timestamp="20190831 12:23:21.129" level="INFO">${lintext} = </msg>
<status status="PASS" starttime="20190831 12:23:21.098" endtime="20190831 12:23:21.129"></status>
</kw>
<kw name="Log" library="BuiltIn">
<doc>Logs the given message with the given level.</doc>
<arguments>
<arg>${lintext}</arg>
</arguments>
<msg timestamp="20190831 12:23:21.129" level="INFO"></msg>
<status status="PASS" starttime="20190831 12:23:21.129" endtime="20190831 12:23:21.129"></status>
</kw>
<kw name="Get Length" library="BuiltIn">
<doc>Returns and logs the length of the given item as an integer.</doc>
<arguments>
<arg>${lintext}</arg>
</arguments>
<assign>
<var>${linklength}</var>
</assign>
<msg timestamp="20190831 12:23:21.130" level="INFO">Length is 0</msg>
<msg timestamp="20190831 12:23:21.130" level="INFO">${linklength} = 0</msg>
<status status="PASS" starttime="20190831 12:23:21.130" endtime="20190831 12:23:21.130"></status>
</kw>
<kw name="Run Keyword If" library="BuiltIn">
<doc>Runs the given keyword with the given arguments, if ``condition`` is true.</doc>
<arguments>
<arg>${linklength}&gt;1</arg>
<arg>Append To List</arg>
<arg>${LinkItems}</arg>
<arg>${lintext}</arg>
</arguments>
<status status="PASS" starttime="20190831 12:23:21.130" endtime="20190831 12:23:21.130"></status>
</kw>
<status status="PASS" starttime="20190831 12:23:21.098" endtime="20190831 12:23:21.130"></status>
</kw>
<kw name="${INDEX} = 9" type="foritem">
<kw name="Log" library="BuiltIn">
<doc>Logs the given message with the given level.</doc>
<arguments>
<arg>${INDEX}</arg>
</arguments>
<msg timestamp="20190831 12:23:21.131" level="INFO">9</msg>
<status status="PASS" starttime="20190831 12:23:21.131" endtime="20190831 12:23:21.131"></status>
</kw>
<kw name="Get Text" library="Selenium2Library">
<doc>Returns the text value of element identified by ``locator``.</doc>
<arguments>
<arg>xpath=(//a)[${INDEX}]</arg>
</arguments>
<assign>
<var>${lintext}</var>
</assign>
<msg timestamp="20190831 12:23:21.175" level="INFO">${lintext} = </msg>
<status status="PASS" starttime="20190831 12:23:21.131" endtime="20190831 12:23:21.175"></status>
</kw>
<kw name="Log" library="BuiltIn">
<doc>Logs the given message with the given level.</doc>
<arguments>
<arg>${lintext}</arg>
</arguments>
<msg timestamp="20190831 12:23:21.176" level="INFO"></msg>
<status status="PASS" starttime="20190831 12:23:21.175" endtime="20190831 12:23:21.176"></status>
</kw>
<kw name="Get Length" library="BuiltIn">
<doc>Returns and logs the length of the given item as an integer.</doc>
<arguments>
<arg>${lintext}</arg>
</arguments>
<assign>
<var>${linklength}</var>
</assign>
<msg timestamp="20190831 12:23:21.177" level="INFO">Length is 0</msg>
<msg timestamp="20190831 12:23:21.177" level="INFO">${linklength} = 0</msg>
<status status="PASS" starttime="20190831 12:23:21.176" endtime="20190831 12:23:21.177"></status>
</kw>
<kw name="Run Keyword If" library="BuiltIn">
<doc>Runs the given keyword with the given arguments, if ``condition`` is true.</doc>
<arguments>
<arg>${linklength}&gt;1</arg>
<arg>Append To List</arg>
<arg>${LinkItems}</arg>
<arg>${lintext}</arg>
</arguments>
<status status="PASS" starttime="20190831 12:23:21.177" endtime="20190831 12:23:21.178"></status>
</kw>
<status status="PASS" starttime="20190831 12:23:21.130" endtime="20190831 12:23:21.178"></status>
</kw>
<kw name="${INDEX} = 10" type="foritem">
<kw name="Log" library="BuiltIn">
<doc>Logs the given message with the given level.</doc>
<arguments>
<arg>${INDEX}</arg>
</arguments>
<msg timestamp="20190831 12:23:21.180" level="INFO">10</msg>
<status status="PASS" starttime="20190831 12:23:21.179" endtime="20190831 12:23:21.180"></status>
</kw>
<kw name="Get Text" library="Selenium2Library">
<doc>Returns the text value of element identified by ``locator``.</doc>
<arguments>
<arg>xpath=(//a)[${INDEX}]</arg>
</arguments>
<assign>
<var>${lintext}</var>
</assign>
<msg timestamp="20190831 12:23:21.230" level="INFO">${lintext} = </msg>
<status status="PASS" starttime="20190831 12:23:21.180" endtime="20190831 12:23:21.230"></status>
</kw>
<kw name="Log" library="BuiltIn">
<doc>Logs the given message with the given level.</doc>
<arguments>
<arg>${lintext}</arg>
</arguments>
<msg timestamp="20190831 12:23:21.231" level="INFO"></msg>
<status status="PASS" starttime="20190831 12:23:21.230" endtime="20190831 12:23:21.231"></status>
</kw>
<kw name="Get Length" library="BuiltIn">
<doc>Returns and logs the length of the given item as an integer.</doc>
<arguments>
<arg>${lintext}</arg>
</arguments>
<assign>
<var>${linklength}</var>
</assign>
<msg timestamp="20190831 12:23:21.231" level="INFO">Length is 0</msg>
<msg timestamp="20190831 12:23:21.232" level="INFO">${linklength} = 0</msg>
<status status="PASS" starttime="20190831 12:23:21.231" endtime="20190831 12:23:21.232"></status>
</kw>
<kw name="Run Keyword If" library="BuiltIn">
<doc>Runs the given keyword with the given arguments, if ``condition`` is true.</doc>
<arguments>
<arg>${linklength}&gt;1</arg>
<arg>Append To List</arg>
<arg>${LinkItems}</arg>
<arg>${lintext}</arg>
</arguments>
<status status="PASS" starttime="20190831 12:23:21.232" endtime="20190831 12:23:21.232"></status>
</kw>
<status status="PASS" starttime="20190831 12:23:21.179" endtime="20190831 12:23:21.232"></status>
</kw>
<kw name="${INDEX} = 11" type="foritem">
<kw name="Log" library="BuiltIn">
<doc>Logs the given message with the given level.</doc>
<arguments>
<arg>${INDEX}</arg>
</arguments>
<msg timestamp="20190831 12:23:21.233" level="INFO">11</msg>
<status status="PASS" starttime="20190831 12:23:21.233" endtime="20190831 12:23:21.233"></status>
</kw>
<kw name="Get Text" library="Selenium2Library">
<doc>Returns the text value of element identified by ``locator``.</doc>
<arguments>
<arg>xpath=(//a)[${INDEX}]</arg>
</arguments>
<assign>
<var>${lintext}</var>
</assign>
<msg timestamp="20190831 12:23:21.266" level="INFO">${lintext} = </msg>
<status status="PASS" starttime="20190831 12:23:21.233" endtime="20190831 12:23:21.266"></status>
</kw>
<kw name="Log" library="BuiltIn">
<doc>Logs the given message with the given level.</doc>
<arguments>
<arg>${lintext}</arg>
</arguments>
<msg timestamp="20190831 12:23:21.266" level="INFO"></msg>
<status status="PASS" starttime="20190831 12:23:21.266" endtime="20190831 12:23:21.266"></status>
</kw>
<kw name="Get Length" library="BuiltIn">
<doc>Returns and logs the length of the given item as an integer.</doc>
<arguments>
<arg>${lintext}</arg>
</arguments>
<assign>
<var>${linklength}</var>
</assign>
<msg timestamp="20190831 12:23:21.267" level="INFO">Length is 0</msg>
<msg timestamp="20190831 12:23:21.267" level="INFO">${linklength} = 0</msg>
<status status="PASS" starttime="20190831 12:23:21.267" endtime="20190831 12:23:21.267"></status>
</kw>
<kw name="Run Keyword If" library="BuiltIn">
<doc>Runs the given keyword with the given arguments, if ``condition`` is true.</doc>
<arguments>
<arg>${linklength}&gt;1</arg>
<arg>Append To List</arg>
<arg>${LinkItems}</arg>
<arg>${lintext}</arg>
</arguments>
<status status="PASS" starttime="20190831 12:23:21.267" endtime="20190831 12:23:21.267"></status>
</kw>
<status status="PASS" starttime="20190831 12:23:21.232" endtime="20190831 12:23:21.268"></status>
</kw>
<kw name="${INDEX} = 12" type="foritem">
<kw name="Log" library="BuiltIn">
<doc>Logs the given message with the given level.</doc>
<arguments>
<arg>${INDEX}</arg>
</arguments>
<msg timestamp="20190831 12:23:21.268" level="INFO">12</msg>
<status status="PASS" starttime="20190831 12:23:21.268" endtime="20190831 12:23:21.268"></status>
</kw>
<kw name="Get Text" library="Selenium2Library">
<doc>Returns the text value of element identified by ``locator``.</doc>
<arguments>
<arg>xpath=(//a)[${INDEX}]</arg>
</arguments>
<assign>
<var>${lintext}</var>
</assign>
<msg timestamp="20190831 12:23:21.299" level="INFO">${lintext} = </msg>
<status status="PASS" starttime="20190831 12:23:21.268" endtime="20190831 12:23:21.299"></status>
</kw>
<kw name="Log" library="BuiltIn">
<doc>Logs the given message with the given level.</doc>
<arguments>
<arg>${lintext}</arg>
</arguments>
<msg timestamp="20190831 12:23:21.300" level="INFO"></msg>
<status status="PASS" starttime="20190831 12:23:21.300" endtime="20190831 12:23:21.300"></status>
</kw>
<kw name="Get Length" library="BuiltIn">
<doc>Returns and logs the length of the given item as an integer.</doc>
<arguments>
<arg>${lintext}</arg>
</arguments>
<assign>
<var>${linklength}</var>
</assign>
<msg timestamp="20190831 12:23:21.300" level="INFO">Length is 0</msg>
<msg timestamp="20190831 12:23:21.300" level="INFO">${linklength} = 0</msg>
<status status="PASS" starttime="20190831 12:23:21.300" endtime="20190831 12:23:21.300"></status>
</kw>
<kw name="Run Keyword If" library="BuiltIn">
<doc>Runs the given keyword with the given arguments, if ``condition`` is true.</doc>
<arguments>
<arg>${linklength}&gt;1</arg>
<arg>Append To List</arg>
<arg>${LinkItems}</arg>
<arg>${lintext}</arg>
</arguments>
<status status="PASS" starttime="20190831 12:23:21.300" endtime="20190831 12:23:21.301"></status>
</kw>
<status status="PASS" starttime="20190831 12:23:21.268" endtime="20190831 12:23:21.301"></status>
</kw>
<kw name="${INDEX} = 13" type="foritem">
<kw name="Log" library="BuiltIn">
<doc>Logs the given message with the given level.</doc>
<arguments>
<arg>${INDEX}</arg>
</arguments>
<msg timestamp="20190831 12:23:21.301" level="INFO">13</msg>
<status status="PASS" starttime="20190831 12:23:21.301" endtime="20190831 12:23:21.301"></status>
</kw>
<kw name="Get Text" library="Selenium2Library">
<doc>Returns the text value of element identified by ``locator``.</doc>
<arguments>
<arg>xpath=(//a)[${INDEX}]</arg>
</arguments>
<assign>
<var>${lintext}</var>
</assign>
<msg timestamp="20190831 12:23:21.334" level="INFO">${lintext} = </msg>
<status status="PASS" starttime="20190831 12:23:21.301" endtime="20190831 12:23:21.334"></status>
</kw>
<kw name="Log" library="BuiltIn">
<doc>Logs the given message with the given level.</doc>
<arguments>
<arg>${lintext}</arg>
</arguments>
<msg timestamp="20190831 12:23:21.334" level="INFO"></msg>
<status status="PASS" starttime="20190831 12:23:21.334" endtime="20190831 12:23:21.334"></status>
</kw>
<kw name="Get Length" library="BuiltIn">
<doc>Returns and logs the length of the given item as an integer.</doc>
<arguments>
<arg>${lintext}</arg>
</arguments>
<assign>
<var>${linklength}</var>
</assign>
<msg timestamp="20190831 12:23:21.335" level="INFO">Length is 0</msg>
<msg timestamp="20190831 12:23:21.335" level="INFO">${linklength} = 0</msg>
<status status="PASS" starttime="20190831 12:23:21.334" endtime="20190831 12:23:21.335"></status>
</kw>
<kw name="Run Keyword If" library="BuiltIn">
<doc>Runs the given keyword with the given arguments, if ``condition`` is true.</doc>
<arguments>
<arg>${linklength}&gt;1</arg>
<arg>Append To List</arg>
<arg>${LinkItems}</arg>
<arg>${lintext}</arg>
</arguments>
<status status="PASS" starttime="20190831 12:23:21.335" endtime="20190831 12:23:21.335"></status>
</kw>
<status status="PASS" starttime="20190831 12:23:21.301" endtime="20190831 12:23:21.335"></status>
</kw>
<kw name="${INDEX} = 14" type="foritem">
<kw name="Log" library="BuiltIn">
<doc>Logs the given message with the given level.</doc>
<arguments>
<arg>${INDEX}</arg>
</arguments>
<msg timestamp="20190831 12:23:21.335" level="INFO">14</msg>
<status status="PASS" starttime="20190831 12:23:21.335" endtime="20190831 12:23:21.336"></status>
</kw>
<kw name="Get Text" library="Selenium2Library">
<doc>Returns the text value of element identified by ``locator``.</doc>
<arguments>
<arg>xpath=(//a)[${INDEX}]</arg>
</arguments>
<assign>
<var>${lintext}</var>
</assign>
<msg timestamp="20190831 12:23:21.368" level="INFO">${lintext} = </msg>
<status status="PASS" starttime="20190831 12:23:21.336" endtime="20190831 12:23:21.368"></status>
</kw>
<kw name="Log" library="BuiltIn">
<doc>Logs the given message with the given level.</doc>
<arguments>
<arg>${lintext}</arg>
</arguments>
<msg timestamp="20190831 12:23:21.369" level="INFO"></msg>
<status status="PASS" starttime="20190831 12:23:21.368" endtime="20190831 12:23:21.369"></status>
</kw>
<kw name="Get Length" library="BuiltIn">
<doc>Returns and logs the length of the given item as an integer.</doc>
<arguments>
<arg>${lintext}</arg>
</arguments>
<assign>
<var>${linklength}</var>
</assign>
<msg timestamp="20190831 12:23:21.369" level="INFO">Length is 0</msg>
<msg timestamp="20190831 12:23:21.369" level="INFO">${linklength} = 0</msg>
<status status="PASS" starttime="20190831 12:23:21.369" endtime="20190831 12:23:21.370"></status>
</kw>
<kw name="Run Keyword If" library="BuiltIn">
<doc>Runs the given keyword with the given arguments, if ``condition`` is true.</doc>
<arguments>
<arg>${linklength}&gt;1</arg>
<arg>Append To List</arg>
<arg>${LinkItems}</arg>
<arg>${lintext}</arg>
</arguments>
<status status="PASS" starttime="20190831 12:23:21.370" endtime="20190831 12:23:21.370"></status>
</kw>
<status status="PASS" starttime="20190831 12:23:21.335" endtime="20190831 12:23:21.370"></status>
</kw>
<kw name="${INDEX} = 15" type="foritem">
<kw name="Log" library="BuiltIn">
<doc>Logs the given message with the given level.</doc>
<arguments>
<arg>${INDEX}</arg>
</arguments>
<msg timestamp="20190831 12:23:21.370" level="INFO">15</msg>
<status status="PASS" starttime="20190831 12:23:21.370" endtime="20190831 12:23:21.370"></status>
</kw>
<kw name="Get Text" library="Selenium2Library">
<doc>Returns the text value of element identified by ``locator``.</doc>
<arguments>
<arg>xpath=(//a)[${INDEX}]</arg>
</arguments>
<assign>
<var>${lintext}</var>
</assign>
<msg timestamp="20190831 12:23:21.402" level="INFO">${lintext} = </msg>
<status status="PASS" starttime="20190831 12:23:21.370" endtime="20190831 12:23:21.402"></status>
</kw>
<kw name="Log" library="BuiltIn">
<doc>Logs the given message with the given level.</doc>
<arguments>
<arg>${lintext}</arg>
</arguments>
<msg timestamp="20190831 12:23:21.402" level="INFO"></msg>
<status status="PASS" starttime="20190831 12:23:21.402" endtime="20190831 12:23:21.402"></status>
</kw>
<kw name="Get Length" library="BuiltIn">
<doc>Returns and logs the length of the given item as an integer.</doc>
<arguments>
<arg>${lintext}</arg>
</arguments>
<assign>
<var>${linklength}</var>
</assign>
<msg timestamp="20190831 12:23:21.403" level="INFO">Length is 0</msg>
<msg timestamp="20190831 12:23:21.403" level="INFO">${linklength} = 0</msg>
<status status="PASS" starttime="20190831 12:23:21.403" endtime="20190831 12:23:21.403"></status>
</kw>
<kw name="Run Keyword If" library="BuiltIn">
<doc>Runs the given keyword with the given arguments, if ``condition`` is true.</doc>
<arguments>
<arg>${linklength}&gt;1</arg>
<arg>Append To List</arg>
<arg>${LinkItems}</arg>
<arg>${lintext}</arg>
</arguments>
<status status="PASS" starttime="20190831 12:23:21.403" endtime="20190831 12:23:21.403"></status>
</kw>
<status status="PASS" starttime="20190831 12:23:21.370" endtime="20190831 12:23:21.403"></status>
</kw>
<kw name="${INDEX} = 16" type="foritem">
<kw name="Log" library="BuiltIn">
<doc>Logs the given message with the given level.</doc>
<arguments>
<arg>${INDEX}</arg>
</arguments>
<msg timestamp="20190831 12:23:21.404" level="INFO">16</msg>
<status status="PASS" starttime="20190831 12:23:21.404" endtime="20190831 12:23:21.404"></status>
</kw>
<kw name="Get Text" library="Selenium2Library">
<doc>Returns the text value of element identified by ``locator``.</doc>
<arguments>
<arg>xpath=(//a)[${INDEX}]</arg>
</arguments>
<assign>
<var>${lintext}</var>
</assign>
<msg timestamp="20190831 12:23:21.436" level="INFO">${lintext} = </msg>
<status status="PASS" starttime="20190831 12:23:21.404" endtime="20190831 12:23:21.436"></status>
</kw>
<kw name="Log" library="BuiltIn">
<doc>Logs the given message with the given level.</doc>
<arguments>
<arg>${lintext}</arg>
</arguments>
<msg timestamp="20190831 12:23:21.437" level="INFO"></msg>
<status status="PASS" starttime="20190831 12:23:21.437" endtime="20190831 12:23:21.437"></status>
</kw>
<kw name="Get Length" library="BuiltIn">
<doc>Returns and logs the length of the given item as an integer.</doc>
<arguments>
<arg>${lintext}</arg>
</arguments>
<assign>
<var>${linklength}</var>
</assign>
<msg timestamp="20190831 12:23:21.437" level="INFO">Length is 0</msg>
<msg timestamp="20190831 12:23:21.438" level="INFO">${linklength} = 0</msg>
<status status="PASS" starttime="20190831 12:23:21.437" endtime="20190831 12:23:21.438"></status>
</kw>
<kw name="Run Keyword If" library="BuiltIn">
<doc>Runs the given keyword with the given arguments, if ``condition`` is true.</doc>
<arguments>
<arg>${linklength}&gt;1</arg>
<arg>Append To List</arg>
<arg>${LinkItems}</arg>
<arg>${lintext}</arg>
</arguments>
<status status="PASS" starttime="20190831 12:23:21.438" endtime="20190831 12:23:21.438"></status>
</kw>
<status status="PASS" starttime="20190831 12:23:21.404" endtime="20190831 12:23:21.438"></status>
</kw>
<kw name="${INDEX} = 17" type="foritem">
<kw name="Log" library="BuiltIn">
<doc>Logs the given message with the given level.</doc>
<arguments>
<arg>${INDEX}</arg>
</arguments>
<msg timestamp="20190831 12:23:21.439" level="INFO">17</msg>
<status status="PASS" starttime="20190831 12:23:21.439" endtime="20190831 12:23:21.439"></status>
</kw>
<kw name="Get Text" library="Selenium2Library">
<doc>Returns the text value of element identified by ``locator``.</doc>
<arguments>
<arg>xpath=(//a)[${INDEX}]</arg>
</arguments>
<assign>
<var>${lintext}</var>
</assign>
<msg timestamp="20190831 12:23:21.471" level="INFO">${lintext} = </msg>
<status status="PASS" starttime="20190831 12:23:21.439" endtime="20190831 12:23:21.471"></status>
</kw>
<kw name="Log" library="BuiltIn">
<doc>Logs the given message with the given level.</doc>
<arguments>
<arg>${lintext}</arg>
</arguments>
<msg timestamp="20190831 12:23:21.471" level="INFO"></msg>
<status status="PASS" starttime="20190831 12:23:21.471" endtime="20190831 12:23:21.471"></status>
</kw>
<kw name="Get Length" library="BuiltIn">
<doc>Returns and logs the length of the given item as an integer.</doc>
<arguments>
<arg>${lintext}</arg>
</arguments>
<assign>
<var>${linklength}</var>
</assign>
<msg timestamp="20190831 12:23:21.472" level="INFO">Length is 0</msg>
<msg timestamp="20190831 12:23:21.472" level="INFO">${linklength} = 0</msg>
<status status="PASS" starttime="20190831 12:23:21.471" endtime="20190831 12:23:21.472"></status>
</kw>
<kw name="Run Keyword If" library="BuiltIn">
<doc>Runs the given keyword with the given arguments, if ``condition`` is true.</doc>
<arguments>
<arg>${linklength}&gt;1</arg>
<arg>Append To List</arg>
<arg>${LinkItems}</arg>
<arg>${lintext}</arg>
</arguments>
<status status="PASS" starttime="20190831 12:23:21.472" endtime="20190831 12:23:21.472"></status>
</kw>
<status status="PASS" starttime="20190831 12:23:21.439" endtime="20190831 12:23:21.472"></status>
</kw>
<kw name="${INDEX} = 18" type="foritem">
<kw name="Log" library="BuiltIn">
<doc>Logs the given message with the given level.</doc>
<arguments>
<arg>${INDEX}</arg>
</arguments>
<msg timestamp="20190831 12:23:21.473" level="INFO">18</msg>
<status status="PASS" starttime="20190831 12:23:21.473" endtime="20190831 12:23:21.473"></status>
</kw>
<kw name="Get Text" library="Selenium2Library">
<doc>Returns the text value of element identified by ``locator``.</doc>
<arguments>
<arg>xpath=(//a)[${INDEX}]</arg>
</arguments>
<assign>
<var>${lintext}</var>
</assign>
<msg timestamp="20190831 12:23:21.507" level="INFO">${lintext} = </msg>
<status status="PASS" starttime="20190831 12:23:21.473" endtime="20190831 12:23:21.507"></status>
</kw>
<kw name="Log" library="BuiltIn">
<doc>Logs the given message with the given level.</doc>
<arguments>
<arg>${lintext}</arg>
</arguments>
<msg timestamp="20190831 12:23:21.508" level="INFO"></msg>
<status status="PASS" starttime="20190831 12:23:21.508" endtime="20190831 12:23:21.508"></status>
</kw>
<kw name="Get Length" library="BuiltIn">
<doc>Returns and logs the length of the given item as an integer.</doc>
<arguments>
<arg>${lintext}</arg>
</arguments>
<assign>
<var>${linklength}</var>
</assign>
<msg timestamp="20190831 12:23:21.508" level="INFO">Length is 0</msg>
<msg timestamp="20190831 12:23:21.509" level="INFO">${linklength} = 0</msg>
<status status="PASS" starttime="20190831 12:23:21.508" endtime="20190831 12:23:21.509"></status>
</kw>
<kw name="Run Keyword If" library="BuiltIn">
<doc>Runs the given keyword with the given arguments, if ``condition`` is true.</doc>
<arguments>
<arg>${linklength}&gt;1</arg>
<arg>Append To List</arg>
<arg>${LinkItems}</arg>
<arg>${lintext}</arg>
</arguments>
<status status="PASS" starttime="20190831 12:23:21.509" endtime="20190831 12:23:21.509"></status>
</kw>
<status status="PASS" starttime="20190831 12:23:21.473" endtime="20190831 12:23:21.509"></status>
</kw>
<kw name="${INDEX} = 19" type="foritem">
<kw name="Log" library="BuiltIn">
<doc>Logs the given message with the given level.</doc>
<arguments>
<arg>${INDEX}</arg>
</arguments>
<msg timestamp="20190831 12:23:21.510" level="INFO">19</msg>
<status status="PASS" starttime="20190831 12:23:21.510" endtime="20190831 12:23:21.510"></status>
</kw>
<kw name="Get Text" library="Selenium2Library">
<doc>Returns the text value of element identified by ``locator``.</doc>
<arguments>
<arg>xpath=(//a)[${INDEX}]</arg>
</arguments>
<assign>
<var>${lintext}</var>
</assign>
<msg timestamp="20190831 12:23:21.543" level="INFO">${lintext} = </msg>
<status status="PASS" starttime="20190831 12:23:21.510" endtime="20190831 12:23:21.543"></status>
</kw>
<kw name="Log" library="BuiltIn">
<doc>Logs the given message with the given level.</doc>
<arguments>
<arg>${lintext}</arg>
</arguments>
<msg timestamp="20190831 12:23:21.544" level="INFO"></msg>
<status status="PASS" starttime="20190831 12:23:21.544" endtime="20190831 12:23:21.544"></status>
</kw>
<kw name="Get Length" library="BuiltIn">
<doc>Returns and logs the length of the given item as an integer.</doc>
<arguments>
<arg>${lintext}</arg>
</arguments>
<assign>
<var>${linklength}</var>
</assign>
<msg timestamp="20190831 12:23:21.544" level="INFO">Length is 0</msg>
<msg timestamp="20190831 12:23:21.544" level="INFO">${linklength} = 0</msg>
<status status="PASS" starttime="20190831 12:23:21.544" endtime="20190831 12:23:21.544"></status>
</kw>
<kw name="Run Keyword If" library="BuiltIn">
<doc>Runs the given keyword with the given arguments, if ``condition`` is true.</doc>
<arguments>
<arg>${linklength}&gt;1</arg>
<arg>Append To List</arg>
<arg>${LinkItems}</arg>
<arg>${lintext}</arg>
</arguments>
<status status="PASS" starttime="20190831 12:23:21.544" endtime="20190831 12:23:21.545"></status>
</kw>
<status status="PASS" starttime="20190831 12:23:21.509" endtime="20190831 12:23:21.545"></status>
</kw>
<kw name="${INDEX} = 20" type="foritem">
<kw name="Log" library="BuiltIn">
<doc>Logs the given message with the given level.</doc>
<arguments>
<arg>${INDEX}</arg>
</arguments>
<msg timestamp="20190831 12:23:21.545" level="INFO">20</msg>
<status status="PASS" starttime="20190831 12:23:21.545" endtime="20190831 12:23:21.545"></status>
</kw>
<kw name="Get Text" library="Selenium2Library">
<doc>Returns the text value of element identified by ``locator``.</doc>
<arguments>
<arg>xpath=(//a)[${INDEX}]</arg>
</arguments>
<assign>
<var>${lintext}</var>
</assign>
<msg timestamp="20190831 12:23:21.580" level="INFO">${lintext} = </msg>
<status status="PASS" starttime="20190831 12:23:21.545" endtime="20190831 12:23:21.580"></status>
</kw>
<kw name="Log" library="BuiltIn">
<doc>Logs the given message with the given level.</doc>
<arguments>
<arg>${lintext}</arg>
</arguments>
<msg timestamp="20190831 12:23:21.581" level="INFO"></msg>
<status status="PASS" starttime="20190831 12:23:21.581" endtime="20190831 12:23:21.581"></status>
</kw>
<kw name="Get Length" library="BuiltIn">
<doc>Returns and logs the length of the given item as an integer.</doc>
<arguments>
<arg>${lintext}</arg>
</arguments>
<assign>
<var>${linklength}</var>
</assign>
<msg timestamp="20190831 12:23:21.582" level="INFO">Length is 0</msg>
<msg timestamp="20190831 12:23:21.582" level="INFO">${linklength} = 0</msg>
<status status="PASS" starttime="20190831 12:23:21.581" endtime="20190831 12:23:21.582"></status>
</kw>
<kw name="Run Keyword If" library="BuiltIn">
<doc>Runs the given keyword with the given arguments, if ``condition`` is true.</doc>
<arguments>
<arg>${linklength}&gt;1</arg>
<arg>Append To List</arg>
<arg>${LinkItems}</arg>
<arg>${lintext}</arg>
</arguments>
<status status="PASS" starttime="20190831 12:23:21.582" endtime="20190831 12:23:21.583"></status>
</kw>
<status status="PASS" starttime="20190831 12:23:21.545" endtime="20190831 12:23:21.583"></status>
</kw>
<kw name="${INDEX} = 21" type="foritem">
<kw name="Log" library="BuiltIn">
<doc>Logs the given message with the given level.</doc>
<arguments>
<arg>${INDEX}</arg>
</arguments>
<msg timestamp="20190831 12:23:21.584" level="INFO">21</msg>
<status status="PASS" starttime="20190831 12:23:21.583" endtime="20190831 12:23:21.584"></status>
</kw>
<kw name="Get Text" library="Selenium2Library">
<doc>Returns the text value of element identified by ``locator``.</doc>
<arguments>
<arg>xpath=(//a)[${INDEX}]</arg>
</arguments>
<assign>
<var>${lintext}</var>
</assign>
<msg timestamp="20190831 12:23:21.614" level="INFO">${lintext} = </msg>
<status status="PASS" starttime="20190831 12:23:21.584" endtime="20190831 12:23:21.614"></status>
</kw>
<kw name="Log" library="BuiltIn">
<doc>Logs the given message with the given level.</doc>
<arguments>
<arg>${lintext}</arg>
</arguments>
<msg timestamp="20190831 12:23:21.614" level="INFO"></msg>
<status status="PASS" starttime="20190831 12:23:21.614" endtime="20190831 12:23:21.614"></status>
</kw>
<kw name="Get Length" library="BuiltIn">
<doc>Returns and logs the length of the given item as an integer.</doc>
<arguments>
<arg>${lintext}</arg>
</arguments>
<assign>
<var>${linklength}</var>
</assign>
<msg timestamp="20190831 12:23:21.615" level="INFO">Length is 0</msg>
<msg timestamp="20190831 12:23:21.615" level="INFO">${linklength} = 0</msg>
<status status="PASS" starttime="20190831 12:23:21.614" endtime="20190831 12:23:21.615"></status>
</kw>
<kw name="Run Keyword If" library="BuiltIn">
<doc>Runs the given keyword with the given arguments, if ``condition`` is true.</doc>
<arguments>
<arg>${linklength}&gt;1</arg>
<arg>Append To List</arg>
<arg>${LinkItems}</arg>
<arg>${lintext}</arg>
</arguments>
<status status="PASS" starttime="20190831 12:23:21.615" endtime="20190831 12:23:21.616"></status>
</kw>
<status status="PASS" starttime="20190831 12:23:21.583" endtime="20190831 12:23:21.616"></status>
</kw>
<kw name="${INDEX} = 22" type="foritem">
<kw name="Log" library="BuiltIn">
<doc>Logs the given message with the given level.</doc>
<arguments>
<arg>${INDEX}</arg>
</arguments>
<msg timestamp="20190831 12:23:21.616" level="INFO">22</msg>
<status status="PASS" starttime="20190831 12:23:21.616" endtime="20190831 12:23:21.617"></status>
</kw>
<kw name="Get Text" library="Selenium2Library">
<doc>Returns the text value of element identified by ``locator``.</doc>
<arguments>
<arg>xpath=(//a)[${INDEX}]</arg>
</arguments>
<assign>
<var>${lintext}</var>
</assign>
<msg timestamp="20190831 12:23:21.655" level="INFO">${lintext} = </msg>
<status status="PASS" starttime="20190831 12:23:21.617" endtime="20190831 12:23:21.655"></status>
</kw>
<kw name="Log" library="BuiltIn">
<doc>Logs the given message with the given level.</doc>
<arguments>
<arg>${lintext}</arg>
</arguments>
<msg timestamp="20190831 12:23:21.656" level="INFO"></msg>
<status status="PASS" starttime="20190831 12:23:21.655" endtime="20190831 12:23:21.656"></status>
</kw>
<kw name="Get Length" library="BuiltIn">
<doc>Returns and logs the length of the given item as an integer.</doc>
<arguments>
<arg>${lintext}</arg>
</arguments>
<assign>
<var>${linklength}</var>
</assign>
<msg timestamp="20190831 12:23:21.656" level="INFO">Length is 0</msg>
<msg timestamp="20190831 12:23:21.656" level="INFO">${linklength} = 0</msg>
<status status="PASS" starttime="20190831 12:23:21.656" endtime="20190831 12:23:21.657"></status>
</kw>
<kw name="Run Keyword If" library="BuiltIn">
<doc>Runs the given keyword with the given arguments, if ``condition`` is true.</doc>
<arguments>
<arg>${linklength}&gt;1</arg>
<arg>Append To List</arg>
<arg>${LinkItems}</arg>
<arg>${lintext}</arg>
</arguments>
<status status="PASS" starttime="20190831 12:23:21.657" endtime="20190831 12:23:21.657"></status>
</kw>
<status status="PASS" starttime="20190831 12:23:21.616" endtime="20190831 12:23:21.657"></status>
</kw>
<kw name="${INDEX} = 23" type="foritem">
<kw name="Log" library="BuiltIn">
<doc>Logs the given message with the given level.</doc>
<arguments>
<arg>${INDEX}</arg>
</arguments>
<msg timestamp="20190831 12:23:21.658" level="INFO">23</msg>
<status status="PASS" starttime="20190831 12:23:21.658" endtime="20190831 12:23:21.658"></status>
</kw>
<kw name="Get Text" library="Selenium2Library">
<doc>Returns the text value of element identified by ``locator``.</doc>
<arguments>
<arg>xpath=(//a)[${INDEX}]</arg>
</arguments>
<assign>
<var>${lintext}</var>
</assign>
<msg timestamp="20190831 12:23:21.693" level="INFO">${lintext} = </msg>
<status status="PASS" starttime="20190831 12:23:21.658" endtime="20190831 12:23:21.693"></status>
</kw>
<kw name="Log" library="BuiltIn">
<doc>Logs the given message with the given level.</doc>
<arguments>
<arg>${lintext}</arg>
</arguments>
<msg timestamp="20190831 12:23:21.693" level="INFO"></msg>
<status status="PASS" starttime="20190831 12:23:21.693" endtime="20190831 12:23:21.693"></status>
</kw>
<kw name="Get Length" library="BuiltIn">
<doc>Returns and logs the length of the given item as an integer.</doc>
<arguments>
<arg>${lintext}</arg>
</arguments>
<assign>
<var>${linklength}</var>
</assign>
<msg timestamp="20190831 12:23:21.694" level="INFO">Length is 0</msg>
<msg timestamp="20190831 12:23:21.694" level="INFO">${linklength} = 0</msg>
<status status="PASS" starttime="20190831 12:23:21.694" endtime="20190831 12:23:21.694"></status>
</kw>
<kw name="Run Keyword If" library="BuiltIn">
<doc>Runs the given keyword with the given arguments, if ``condition`` is true.</doc>
<arguments>
<arg>${linklength}&gt;1</arg>
<arg>Append To List</arg>
<arg>${LinkItems}</arg>
<arg>${lintext}</arg>
</arguments>
<status status="PASS" starttime="20190831 12:23:21.694" endtime="20190831 12:23:21.694"></status>
</kw>
<status status="PASS" starttime="20190831 12:23:21.657" endtime="20190831 12:23:21.695"></status>
</kw>
<kw name="${INDEX} = 24" type="foritem">
<kw name="Log" library="BuiltIn">
<doc>Logs the given message with the given level.</doc>
<arguments>
<arg>${INDEX}</arg>
</arguments>
<msg timestamp="20190831 12:23:21.695" level="INFO">24</msg>
<status status="PASS" starttime="20190831 12:23:21.695" endtime="20190831 12:23:21.695"></status>
</kw>
<kw name="Get Text" library="Selenium2Library">
<doc>Returns the text value of element identified by ``locator``.</doc>
<arguments>
<arg>xpath=(//a)[${INDEX}]</arg>
</arguments>
<assign>
<var>${lintext}</var>
</assign>
<msg timestamp="20190831 12:23:21.727" level="INFO">${lintext} = </msg>
<status status="PASS" starttime="20190831 12:23:21.695" endtime="20190831 12:23:21.727"></status>
</kw>
<kw name="Log" library="BuiltIn">
<doc>Logs the given message with the given level.</doc>
<arguments>
<arg>${lintext}</arg>
</arguments>
<msg timestamp="20190831 12:23:21.727" level="INFO"></msg>
<status status="PASS" starttime="20190831 12:23:21.727" endtime="20190831 12:23:21.728"></status>
</kw>
<kw name="Get Length" library="BuiltIn">
<doc>Returns and logs the length of the given item as an integer.</doc>
<arguments>
<arg>${lintext}</arg>
</arguments>
<assign>
<var>${linklength}</var>
</assign>
<msg timestamp="20190831 12:23:21.728" level="INFO">Length is 0</msg>
<msg timestamp="20190831 12:23:21.728" level="INFO">${linklength} = 0</msg>
<status status="PASS" starttime="20190831 12:23:21.728" endtime="20190831 12:23:21.728"></status>
</kw>
<kw name="Run Keyword If" library="BuiltIn">
<doc>Runs the given keyword with the given arguments, if ``condition`` is true.</doc>
<arguments>
<arg>${linklength}&gt;1</arg>
<arg>Append To List</arg>
<arg>${LinkItems}</arg>
<arg>${lintext}</arg>
</arguments>
<status status="PASS" starttime="20190831 12:23:21.728" endtime="20190831 12:23:21.729"></status>
</kw>
<status status="PASS" starttime="20190831 12:23:21.695" endtime="20190831 12:23:21.729"></status>
</kw>
<kw name="${INDEX} = 25" type="foritem">
<kw name="Log" library="BuiltIn">
<doc>Logs the given message with the given level.</doc>
<arguments>
<arg>${INDEX}</arg>
</arguments>
<msg timestamp="20190831 12:23:21.729" level="INFO">25</msg>
<status status="PASS" starttime="20190831 12:23:21.729" endtime="20190831 12:23:21.729"></status>
</kw>
<kw name="Get Text" library="Selenium2Library">
<doc>Returns the text value of element identified by ``locator``.</doc>
<arguments>
<arg>xpath=(//a)[${INDEX}]</arg>
</arguments>
<assign>
<var>${lintext}</var>
</assign>
<msg timestamp="20190831 12:23:21.767" level="INFO">${lintext} = </msg>
<status status="PASS" starttime="20190831 12:23:21.729" endtime="20190831 12:23:21.767"></status>
</kw>
<kw name="Log" library="BuiltIn">
<doc>Logs the given message with the given level.</doc>
<arguments>
<arg>${lintext}</arg>
</arguments>
<msg timestamp="20190831 12:23:21.768" level="INFO"></msg>
<status status="PASS" starttime="20190831 12:23:21.767" endtime="20190831 12:23:21.768"></status>
</kw>
<kw name="Get Length" library="BuiltIn">
<doc>Returns and logs the length of the given item as an integer.</doc>
<arguments>
<arg>${lintext}</arg>
</arguments>
<assign>
<var>${linklength}</var>
</assign>
<msg timestamp="20190831 12:23:21.768" level="INFO">Length is 0</msg>
<msg timestamp="20190831 12:23:21.768" level="INFO">${linklength} = 0</msg>
<status status="PASS" starttime="20190831 12:23:21.768" endtime="20190831 12:23:21.768"></status>
</kw>
<kw name="Run Keyword If" library="BuiltIn">
<doc>Runs the given keyword with the given arguments, if ``condition`` is true.</doc>
<arguments>
<arg>${linklength}&gt;1</arg>
<arg>Append To List</arg>
<arg>${LinkItems}</arg>
<arg>${lintext}</arg>
</arguments>
<status status="PASS" starttime="20190831 12:23:21.768" endtime="20190831 12:23:21.769"></status>
</kw>
<status status="PASS" starttime="20190831 12:23:21.729" endtime="20190831 12:23:21.769"></status>
</kw>
<kw name="${INDEX} = 26" type="foritem">
<kw name="Log" library="BuiltIn">
<doc>Logs the given message with the given level.</doc>
<arguments>
<arg>${INDEX}</arg>
</arguments>
<msg timestamp="20190831 12:23:21.769" level="INFO">26</msg>
<status status="PASS" starttime="20190831 12:23:21.769" endtime="20190831 12:23:21.769"></status>
</kw>
<kw name="Get Text" library="Selenium2Library">
<doc>Returns the text value of element identified by ``locator``.</doc>
<arguments>
<arg>xpath=(//a)[${INDEX}]</arg>
</arguments>
<assign>
<var>${lintext}</var>
</assign>
<msg timestamp="20190831 12:23:21.806" level="INFO">${lintext} = </msg>
<status status="PASS" starttime="20190831 12:23:21.770" endtime="20190831 12:23:21.806"></status>
</kw>
<kw name="Log" library="BuiltIn">
<doc>Logs the given message with the given level.</doc>
<arguments>
<arg>${lintext}</arg>
</arguments>
<msg timestamp="20190831 12:23:21.807" level="INFO"></msg>
<status status="PASS" starttime="20190831 12:23:21.806" endtime="20190831 12:23:21.807"></status>
</kw>
<kw name="Get Length" library="BuiltIn">
<doc>Returns and logs the length of the given item as an integer.</doc>
<arguments>
<arg>${lintext}</arg>
</arguments>
<assign>
<var>${linklength}</var>
</assign>
<msg timestamp="20190831 12:23:21.807" level="INFO">Length is 0</msg>
<msg timestamp="20190831 12:23:21.807" level="INFO">${linklength} = 0</msg>
<status status="PASS" starttime="20190831 12:23:21.807" endtime="20190831 12:23:21.807"></status>
</kw>
<kw name="Run Keyword If" library="BuiltIn">
<doc>Runs the given keyword with the given arguments, if ``condition`` is true.</doc>
<arguments>
<arg>${linklength}&gt;1</arg>
<arg>Append To List</arg>
<arg>${LinkItems}</arg>
<arg>${lintext}</arg>
</arguments>
<status status="PASS" starttime="20190831 12:23:21.808" endtime="20190831 12:23:21.808"></status>
</kw>
<status status="PASS" starttime="20190831 12:23:21.769" endtime="20190831 12:23:21.808"></status>
</kw>
<kw name="${INDEX} = 27" type="foritem">
<kw name="Log" library="BuiltIn">
<doc>Logs the given message with the given level.</doc>
<arguments>
<arg>${INDEX}</arg>
</arguments>
<msg timestamp="20190831 12:23:21.809" level="INFO">27</msg>
<status status="PASS" starttime="20190831 12:23:21.809" endtime="20190831 12:23:21.809"></status>
</kw>
<kw name="Get Text" library="Selenium2Library">
<doc>Returns the text value of element identified by ``locator``.</doc>
<arguments>
<arg>xpath=(//a)[${INDEX}]</arg>
</arguments>
<assign>
<var>${lintext}</var>
</assign>
<msg timestamp="20190831 12:23:21.849" level="INFO">${lintext} = </msg>
<status status="PASS" starttime="20190831 12:23:21.809" endtime="20190831 12:23:21.849"></status>
</kw>
<kw name="Log" library="BuiltIn">
<doc>Logs the given message with the given level.</doc>
<arguments>
<arg>${lintext}</arg>
</arguments>
<msg timestamp="20190831 12:23:21.850" level="INFO"></msg>
<status status="PASS" starttime="20190831 12:23:21.850" endtime="20190831 12:23:21.850"></status>
</kw>
<kw name="Get Length" library="BuiltIn">
<doc>Returns and logs the length of the given item as an integer.</doc>
<arguments>
<arg>${lintext}</arg>
</arguments>
<assign>
<var>${linklength}</var>
</assign>
<msg timestamp="20190831 12:23:21.851" level="INFO">Length is 0</msg>
<msg timestamp="20190831 12:23:21.851" level="INFO">${linklength} = 0</msg>
<status status="PASS" starttime="20190831 12:23:21.850" endtime="20190831 12:23:21.851"></status>
</kw>
<kw name="Run Keyword If" library="BuiltIn">
<doc>Runs the given keyword with the given arguments, if ``condition`` is true.</doc>
<arguments>
<arg>${linklength}&gt;1</arg>
<arg>Append To List</arg>
<arg>${LinkItems}</arg>
<arg>${lintext}</arg>
</arguments>
<status status="PASS" starttime="20190831 12:23:21.851" endtime="20190831 12:23:21.851"></status>
</kw>
<status status="PASS" starttime="20190831 12:23:21.808" endtime="20190831 12:23:21.851"></status>
</kw>
<kw name="${INDEX} = 28" type="foritem">
<kw name="Log" library="BuiltIn">
<doc>Logs the given message with the given level.</doc>
<arguments>
<arg>${INDEX}</arg>
</arguments>
<msg timestamp="20190831 12:23:21.852" level="INFO">28</msg>
<status status="PASS" starttime="20190831 12:23:21.852" endtime="20190831 12:23:21.852"></status>
</kw>
<kw name="Get Text" library="Selenium2Library">
<doc>Returns the text value of element identified by ``locator``.</doc>
<arguments>
<arg>xpath=(//a)[${INDEX}]</arg>
</arguments>
<assign>
<var>${lintext}</var>
</assign>
<msg timestamp="20190831 12:23:21.892" level="INFO">${lintext} = </msg>
<status status="PASS" starttime="20190831 12:23:21.852" endtime="20190831 12:23:21.892"></status>
</kw>
<kw name="Log" library="BuiltIn">
<doc>Logs the given message with the given level.</doc>
<arguments>
<arg>${lintext}</arg>
</arguments>
<msg timestamp="20190831 12:23:21.893" level="INFO"></msg>
<status status="PASS" starttime="20190831 12:23:21.892" endtime="20190831 12:23:21.893"></status>
</kw>
<kw name="Get Length" library="BuiltIn">
<doc>Returns and logs the length of the given item as an integer.</doc>
<arguments>
<arg>${lintext}</arg>
</arguments>
<assign>
<var>${linklength}</var>
</assign>
<msg timestamp="20190831 12:23:21.894" level="INFO">Length is 0</msg>
<msg timestamp="20190831 12:23:21.894" level="INFO">${linklength} = 0</msg>
<status status="PASS" starttime="20190831 12:23:21.893" endtime="20190831 12:23:21.894"></status>
</kw>
<kw name="Run Keyword If" library="BuiltIn">
<doc>Runs the given keyword with the given arguments, if ``condition`` is true.</doc>
<arguments>
<arg>${linklength}&gt;1</arg>
<arg>Append To List</arg>
<arg>${LinkItems}</arg>
<arg>${lintext}</arg>
</arguments>
<status status="PASS" starttime="20190831 12:23:21.894" endtime="20190831 12:23:21.895"></status>
</kw>
<status status="PASS" starttime="20190831 12:23:21.852" endtime="20190831 12:23:21.895"></status>
</kw>
<kw name="${INDEX} = 29" type="foritem">
<kw name="Log" library="BuiltIn">
<doc>Logs the given message with the given level.</doc>
<arguments>
<arg>${INDEX}</arg>
</arguments>
<msg timestamp="20190831 12:23:21.896" level="INFO">29</msg>
<status status="PASS" starttime="20190831 12:23:21.895" endtime="20190831 12:23:21.896"></status>
</kw>
<kw name="Get Text" library="Selenium2Library">
<doc>Returns the text value of element identified by ``locator``.</doc>
<arguments>
<arg>xpath=(//a)[${INDEX}]</arg>
</arguments>
<assign>
<var>${lintext}</var>
</assign>
<msg timestamp="20190831 12:23:21.938" level="INFO">${lintext} = </msg>
<status status="PASS" starttime="20190831 12:23:21.896" endtime="20190831 12:23:21.938"></status>
</kw>
<kw name="Log" library="BuiltIn">
<doc>Logs the given message with the given level.</doc>
<arguments>
<arg>${lintext}</arg>
</arguments>
<msg timestamp="20190831 12:23:21.939" level="INFO"></msg>
<status status="PASS" starttime="20190831 12:23:21.938" endtime="20190831 12:23:21.939"></status>
</kw>
<kw name="Get Length" library="BuiltIn">
<doc>Returns and logs the length of the given item as an integer.</doc>
<arguments>
<arg>${lintext}</arg>
</arguments>
<assign>
<var>${linklength}</var>
</assign>
<msg timestamp="20190831 12:23:21.939" level="INFO">Length is 0</msg>
<msg timestamp="20190831 12:23:21.939" level="INFO">${linklength} = 0</msg>
<status status="PASS" starttime="20190831 12:23:21.939" endtime="20190831 12:23:21.939"></status>
</kw>
<kw name="Run Keyword If" library="BuiltIn">
<doc>Runs the given keyword with the given arguments, if ``condition`` is true.</doc>
<arguments>
<arg>${linklength}&gt;1</arg>
<arg>Append To List</arg>
<arg>${LinkItems}</arg>
<arg>${lintext}</arg>
</arguments>
<status status="PASS" starttime="20190831 12:23:21.939" endtime="20190831 12:23:21.940"></status>
</kw>
<status status="PASS" starttime="20190831 12:23:21.895" endtime="20190831 12:23:21.940"></status>
</kw>
<kw name="${INDEX} = 30" type="foritem">
<kw name="Log" library="BuiltIn">
<doc>Logs the given message with the given level.</doc>
<arguments>
<arg>${INDEX}</arg>
</arguments>
<msg timestamp="20190831 12:23:21.940" level="INFO">30</msg>
<status status="PASS" starttime="20190831 12:23:21.940" endtime="20190831 12:23:21.940"></status>
</kw>
<kw name="Get Text" library="Selenium2Library">
<doc>Returns the text value of element identified by ``locator``.</doc>
<arguments>
<arg>xpath=(//a)[${INDEX}]</arg>
</arguments>
<assign>
<var>${lintext}</var>
</assign>
<msg timestamp="20190831 12:23:21.990" level="INFO">${lintext} = </msg>
<status status="PASS" starttime="20190831 12:23:21.940" endtime="20190831 12:23:21.990"></status>
</kw>
<kw name="Log" library="BuiltIn">
<doc>Logs the given message with the given level.</doc>
<arguments>
<arg>${lintext}</arg>
</arguments>
<msg timestamp="20190831 12:23:21.990" level="INFO"></msg>
<status status="PASS" starttime="20190831 12:23:21.990" endtime="20190831 12:23:21.990"></status>
</kw>
<kw name="Get Length" library="BuiltIn">
<doc>Returns and logs the length of the given item as an integer.</doc>
<arguments>
<arg>${lintext}</arg>
</arguments>
<assign>
<var>${linklength}</var>
</assign>
<msg timestamp="20190831 12:23:21.991" level="INFO">Length is 0</msg>
<msg timestamp="20190831 12:23:21.991" level="INFO">${linklength} = 0</msg>
<status status="PASS" starttime="20190831 12:23:21.990" endtime="20190831 12:23:21.991"></status>
</kw>
<kw name="Run Keyword If" library="BuiltIn">
<doc>Runs the given keyword with the given arguments, if ``condition`` is true.</doc>
<arguments>
<arg>${linklength}&gt;1</arg>
<arg>Append To List</arg>
<arg>${LinkItems}</arg>
<arg>${lintext}</arg>
</arguments>
<status status="PASS" starttime="20190831 12:23:21.991" endtime="20190831 12:23:21.992"></status>
</kw>
<status status="PASS" starttime="20190831 12:23:21.940" endtime="20190831 12:23:21.992"></status>
</kw>
<kw name="${INDEX} = 31" type="foritem">
<kw name="Log" library="BuiltIn">
<doc>Logs the given message with the given level.</doc>
<arguments>
<arg>${INDEX}</arg>
</arguments>
<msg timestamp="20190831 12:23:21.993" level="INFO">31</msg>
<status status="PASS" starttime="20190831 12:23:21.992" endtime="20190831 12:23:21.993"></status>
</kw>
<kw name="Get Text" library="Selenium2Library">
<doc>Returns the text value of element identified by ``locator``.</doc>
<arguments>
<arg>xpath=(//a)[${INDEX}]</arg>
</arguments>
<assign>
<var>${lintext}</var>
</assign>
<msg timestamp="20190831 12:23:22.059" level="INFO">${lintext} = </msg>
<status status="PASS" starttime="20190831 12:23:21.993" endtime="20190831 12:23:22.059"></status>
</kw>
<kw name="Log" library="BuiltIn">
<doc>Logs the given message with the given level.</doc>
<arguments>
<arg>${lintext}</arg>
</arguments>
<msg timestamp="20190831 12:23:22.059" level="INFO"></msg>
<status status="PASS" starttime="20190831 12:23:22.059" endtime="20190831 12:23:22.059"></status>
</kw>
<kw name="Get Length" library="BuiltIn">
<doc>Returns and logs the length of the given item as an integer.</doc>
<arguments>
<arg>${lintext}</arg>
</arguments>
<assign>
<var>${linklength}</var>
</assign>
<msg timestamp="20190831 12:23:22.060" level="INFO">Length is 0</msg>
<msg timestamp="20190831 12:23:22.060" level="INFO">${linklength} = 0</msg>
<status status="PASS" starttime="20190831 12:23:22.060" endtime="20190831 12:23:22.060"></status>
</kw>
<kw name="Run Keyword If" library="BuiltIn">
<doc>Runs the given keyword with the given arguments, if ``condition`` is true.</doc>
<arguments>
<arg>${linklength}&gt;1</arg>
<arg>Append To List</arg>
<arg>${LinkItems}</arg>
<arg>${lintext}</arg>
</arguments>
<status status="PASS" starttime="20190831 12:23:22.061" endtime="20190831 12:23:22.062"></status>
</kw>
<status status="PASS" starttime="20190831 12:23:21.992" endtime="20190831 12:23:22.062"></status>
</kw>
<kw name="${INDEX} = 32" type="foritem">
<kw name="Log" library="BuiltIn">
<doc>Logs the given message with the given level.</doc>
<arguments>
<arg>${INDEX}</arg>
</arguments>
<msg timestamp="20190831 12:23:22.065" level="INFO">32</msg>
<status status="PASS" starttime="20190831 12:23:22.063" endtime="20190831 12:23:22.065"></status>
</kw>
<kw name="Get Text" library="Selenium2Library">
<doc>Returns the text value of element identified by ``locator``.</doc>
<arguments>
<arg>xpath=(//a)[${INDEX}]</arg>
</arguments>
<assign>
<var>${lintext}</var>
</assign>
<msg timestamp="20190831 12:23:22.119" level="INFO">${lintext} = </msg>
<status status="PASS" starttime="20190831 12:23:22.065" endtime="20190831 12:23:22.119"></status>
</kw>
<kw name="Log" library="BuiltIn">
<doc>Logs the given message with the given level.</doc>
<arguments>
<arg>${lintext}</arg>
</arguments>
<msg timestamp="20190831 12:23:22.119" level="INFO"></msg>
<status status="PASS" starttime="20190831 12:23:22.119" endtime="20190831 12:23:22.119"></status>
</kw>
<kw name="Get Length" library="BuiltIn">
<doc>Returns and logs the length of the given item as an integer.</doc>
<arguments>
<arg>${lintext}</arg>
</arguments>
<assign>
<var>${linklength}</var>
</assign>
<msg timestamp="20190831 12:23:22.120" level="INFO">Length is 0</msg>
<msg timestamp="20190831 12:23:22.120" level="INFO">${linklength} = 0</msg>
<status status="PASS" starttime="20190831 12:23:22.120" endtime="20190831 12:23:22.120"></status>
</kw>
<kw name="Run Keyword If" library="BuiltIn">
<doc>Runs the given keyword with the given arguments, if ``condition`` is true.</doc>
<arguments>
<arg>${linklength}&gt;1</arg>
<arg>Append To List</arg>
<arg>${LinkItems}</arg>
<arg>${lintext}</arg>
</arguments>
<status status="PASS" starttime="20190831 12:23:22.121" endtime="20190831 12:23:22.123"></status>
</kw>
<status status="PASS" starttime="20190831 12:23:22.062" endtime="20190831 12:23:22.124"></status>
</kw>
<kw name="${INDEX} = 33" type="foritem">
<kw name="Log" library="BuiltIn">
<doc>Logs the given message with the given level.</doc>
<arguments>
<arg>${INDEX}</arg>
</arguments>
<msg timestamp="20190831 12:23:22.125" level="INFO">33</msg>
<status status="PASS" starttime="20190831 12:23:22.124" endtime="20190831 12:23:22.127"></status>
</kw>
<kw name="Get Text" library="Selenium2Library">
<doc>Returns the text value of element identified by ``locator``.</doc>
<arguments>
<arg>xpath=(//a)[${INDEX}]</arg>
</arguments>
<assign>
<var>${lintext}</var>
</assign>
<msg timestamp="20190831 12:23:22.199" level="INFO">${lintext} = </msg>
<status status="PASS" starttime="20190831 12:23:22.127" endtime="20190831 12:23:22.199"></status>
</kw>
<kw name="Log" library="BuiltIn">
<doc>Logs the given message with the given level.</doc>
<arguments>
<arg>${lintext}</arg>
</arguments>
<msg timestamp="20190831 12:23:22.200" level="INFO"></msg>
<status status="PASS" starttime="20190831 12:23:22.200" endtime="20190831 12:23:22.200"></status>
</kw>
<kw name="Get Length" library="BuiltIn">
<doc>Returns and logs the length of the given item as an integer.</doc>
<arguments>
<arg>${lintext}</arg>
</arguments>
<assign>
<var>${linklength}</var>
</assign>
<msg timestamp="20190831 12:23:22.201" level="INFO">Length is 0</msg>
<msg timestamp="20190831 12:23:22.201" level="INFO">${linklength} = 0</msg>
<status status="PASS" starttime="20190831 12:23:22.200" endtime="20190831 12:23:22.201"></status>
</kw>
<kw name="Run Keyword If" library="BuiltIn">
<doc>Runs the given keyword with the given arguments, if ``condition`` is true.</doc>
<arguments>
<arg>${linklength}&gt;1</arg>
<arg>Append To List</arg>
<arg>${LinkItems}</arg>
<arg>${lintext}</arg>
</arguments>
<status status="PASS" starttime="20190831 12:23:22.202" endtime="20190831 12:23:22.202"></status>
</kw>
<status status="PASS" starttime="20190831 12:23:22.124" endtime="20190831 12:23:22.202"></status>
</kw>
<kw name="${INDEX} = 34" type="foritem">
<kw name="Log" library="BuiltIn">
<doc>Logs the given message with the given level.</doc>
<arguments>
<arg>${INDEX}</arg>
</arguments>
<msg timestamp="20190831 12:23:22.204" level="INFO">34</msg>
<status status="PASS" starttime="20190831 12:23:22.203" endtime="20190831 12:23:22.204"></status>
</kw>
<kw name="Get Text" library="Selenium2Library">
<doc>Returns the text value of element identified by ``locator``.</doc>
<arguments>
<arg>xpath=(//a)[${INDEX}]</arg>
</arguments>
<assign>
<var>${lintext}</var>
</assign>
<msg timestamp="20190831 12:23:22.269" level="INFO">${lintext} = </msg>
<status status="PASS" starttime="20190831 12:23:22.204" endtime="20190831 12:23:22.269"></status>
</kw>
<kw name="Log" library="BuiltIn">
<doc>Logs the given message with the given level.</doc>
<arguments>
<arg>${lintext}</arg>
</arguments>
<msg timestamp="20190831 12:23:22.270" level="INFO"></msg>
<status status="PASS" starttime="20190831 12:23:22.270" endtime="20190831 12:23:22.270"></status>
</kw>
<kw name="Get Length" library="BuiltIn">
<doc>Returns and logs the length of the given item as an integer.</doc>
<arguments>
<arg>${lintext}</arg>
</arguments>
<assign>
<var>${linklength}</var>
</assign>
<msg timestamp="20190831 12:23:22.271" level="INFO">Length is 0</msg>
<msg timestamp="20190831 12:23:22.271" level="INFO">${linklength} = 0</msg>
<status status="PASS" starttime="20190831 12:23:22.270" endtime="20190831 12:23:22.271"></status>
</kw>
<kw name="Run Keyword If" library="BuiltIn">
<doc>Runs the given keyword with the given arguments, if ``condition`` is true.</doc>
<arguments>
<arg>${linklength}&gt;1</arg>
<arg>Append To List</arg>
<arg>${LinkItems}</arg>
<arg>${lintext}</arg>
</arguments>
<status status="PASS" starttime="20190831 12:23:22.271" endtime="20190831 12:23:22.273"></status>
</kw>
<status status="PASS" starttime="20190831 12:23:22.203" endtime="20190831 12:23:22.273"></status>
</kw>
<kw name="${INDEX} = 35" type="foritem">
<kw name="Log" library="BuiltIn">
<doc>Logs the given message with the given level.</doc>
<arguments>
<arg>${INDEX}</arg>
</arguments>
<msg timestamp="20190831 12:23:22.275" level="INFO">35</msg>
<status status="PASS" starttime="20190831 12:23:22.273" endtime="20190831 12:23:22.276"></status>
</kw>
<kw name="Get Text" library="Selenium2Library">
<doc>Returns the text value of element identified by ``locator``.</doc>
<arguments>
<arg>xpath=(//a)[${INDEX}]</arg>
</arguments>
<assign>
<var>${lintext}</var>
</assign>
<msg timestamp="20190831 12:23:22.333" level="INFO">${lintext} = </msg>
<status status="PASS" starttime="20190831 12:23:22.276" endtime="20190831 12:23:22.333"></status>
</kw>
<kw name="Log" library="BuiltIn">
<doc>Logs the given message with the given level.</doc>
<arguments>
<arg>${lintext}</arg>
</arguments>
<msg timestamp="20190831 12:23:22.334" level="INFO"></msg>
<status status="PASS" starttime="20190831 12:23:22.333" endtime="20190831 12:23:22.334"></status>
</kw>
<kw name="Get Length" library="BuiltIn">
<doc>Returns and logs the length of the given item as an integer.</doc>
<arguments>
<arg>${lintext}</arg>
</arguments>
<assign>
<var>${linklength}</var>
</assign>
<msg timestamp="20190831 12:23:22.335" level="INFO">Length is 0</msg>
<msg timestamp="20190831 12:23:22.335" level="INFO">${linklength} = 0</msg>
<status status="PASS" starttime="20190831 12:23:22.334" endtime="20190831 12:23:22.335"></status>
</kw>
<kw name="Run Keyword If" library="BuiltIn">
<doc>Runs the given keyword with the given arguments, if ``condition`` is true.</doc>
<arguments>
<arg>${linklength}&gt;1</arg>
<arg>Append To List</arg>
<arg>${LinkItems}</arg>
<arg>${lintext}</arg>
</arguments>
<status status="PASS" starttime="20190831 12:23:22.335" endtime="20190831 12:23:22.336"></status>
</kw>
<status status="PASS" starttime="20190831 12:23:22.273" endtime="20190831 12:23:22.336"></status>
</kw>
<kw name="${INDEX} = 36" type="foritem">
<kw name="Log" library="BuiltIn">
<doc>Logs the given message with the given level.</doc>
<arguments>
<arg>${INDEX}</arg>
</arguments>
<msg timestamp="20190831 12:23:22.336" level="INFO">36</msg>
<status status="PASS" starttime="20190831 12:23:22.336" endtime="20190831 12:23:22.336"></status>
</kw>
<kw name="Get Text" library="Selenium2Library">
<doc>Returns the text value of element identified by ``locator``.</doc>
<arguments>
<arg>xpath=(//a)[${INDEX}]</arg>
</arguments>
<assign>
<var>${lintext}</var>
</assign>
<msg timestamp="20190831 12:23:22.391" level="INFO">${lintext} = </msg>
<status status="PASS" starttime="20190831 12:23:22.336" endtime="20190831 12:23:22.392"></status>
</kw>
<kw name="Log" library="BuiltIn">
<doc>Logs the given message with the given level.</doc>
<arguments>
<arg>${lintext}</arg>
</arguments>
<msg timestamp="20190831 12:23:22.394" level="INFO"></msg>
<status status="PASS" starttime="20190831 12:23:22.393" endtime="20190831 12:23:22.394"></status>
</kw>
<kw name="Get Length" library="BuiltIn">
<doc>Returns and logs the length of the given item as an integer.</doc>
<arguments>
<arg>${lintext}</arg>
</arguments>
<assign>
<var>${linklength}</var>
</assign>
<msg timestamp="20190831 12:23:22.395" level="INFO">Length is 0</msg>
<msg timestamp="20190831 12:23:22.395" level="INFO">${linklength} = 0</msg>
<status status="PASS" starttime="20190831 12:23:22.394" endtime="20190831 12:23:22.395"></status>
</kw>
<kw name="Run Keyword If" library="BuiltIn">
<doc>Runs the given keyword with the given arguments, if ``condition`` is true.</doc>
<arguments>
<arg>${linklength}&gt;1</arg>
<arg>Append To List</arg>
<arg>${LinkItems}</arg>
<arg>${lintext}</arg>
</arguments>
<status status="PASS" starttime="20190831 12:23:22.396" endtime="20190831 12:23:22.397"></status>
</kw>
<status status="PASS" starttime="20190831 12:23:22.336" endtime="20190831 12:23:22.397"></status>
</kw>
<kw name="${INDEX} = 37" type="foritem">
<kw name="Log" library="BuiltIn">
<doc>Logs the given message with the given level.</doc>
<arguments>
<arg>${INDEX}</arg>
</arguments>
<msg timestamp="20190831 12:23:22.398" level="INFO">37</msg>
<status status="PASS" starttime="20190831 12:23:22.397" endtime="20190831 12:23:22.398"></status>
</kw>
<kw name="Get Text" library="Selenium2Library">
<doc>Returns the text value of element identified by ``locator``.</doc>
<arguments>
<arg>xpath=(//a)[${INDEX}]</arg>
</arguments>
<assign>
<var>${lintext}</var>
</assign>
<msg timestamp="20190831 12:23:22.470" level="INFO">${lintext} = </msg>
<status status="PASS" starttime="20190831 12:23:22.398" endtime="20190831 12:23:22.470"></status>
</kw>
<kw name="Log" library="BuiltIn">
<doc>Logs the given message with the given level.</doc>
<arguments>
<arg>${lintext}</arg>
</arguments>
<msg timestamp="20190831 12:23:22.471" level="INFO"></msg>
<status status="PASS" starttime="20190831 12:23:22.470" endtime="20190831 12:23:22.471"></status>
</kw>
<kw name="Get Length" library="BuiltIn">
<doc>Returns and logs the length of the given item as an integer.</doc>
<arguments>
<arg>${lintext}</arg>
</arguments>
<assign>
<var>${linklength}</var>
</assign>
<msg timestamp="20190831 12:23:22.473" level="INFO">Length is 0</msg>
<msg timestamp="20190831 12:23:22.474" level="INFO">${linklength} = 0</msg>
<status status="PASS" starttime="20190831 12:23:22.472" endtime="20190831 12:23:22.474"></status>
</kw>
<kw name="Run Keyword If" library="BuiltIn">
<doc>Runs the given keyword with the given arguments, if ``condition`` is true.</doc>
<arguments>
<arg>${linklength}&gt;1</arg>
<arg>Append To List</arg>
<arg>${LinkItems}</arg>
<arg>${lintext}</arg>
</arguments>
<status status="PASS" starttime="20190831 12:23:22.475" endtime="20190831 12:23:22.477"></status>
</kw>
<status status="PASS" starttime="20190831 12:23:22.397" endtime="20190831 12:23:22.477"></status>
</kw>
<kw name="${INDEX} = 38" type="foritem">
<kw name="Log" library="BuiltIn">
<doc>Logs the given message with the given level.</doc>
<arguments>
<arg>${INDEX}</arg>
</arguments>
<msg timestamp="20190831 12:23:22.478" level="INFO">38</msg>
<status status="PASS" starttime="20190831 12:23:22.477" endtime="20190831 12:23:22.478"></status>
</kw>
<kw name="Get Text" library="Selenium2Library">
<doc>Returns the text value of element identified by ``locator``.</doc>
<arguments>
<arg>xpath=(//a)[${INDEX}]</arg>
</arguments>
<assign>
<var>${lintext}</var>
</assign>
<msg timestamp="20190831 12:23:22.550" level="INFO">${lintext} = </msg>
<status status="PASS" starttime="20190831 12:23:22.479" endtime="20190831 12:23:22.550"></status>
</kw>
<kw name="Log" library="BuiltIn">
<doc>Logs the given message with the given level.</doc>
<arguments>
<arg>${lintext}</arg>
</arguments>
<msg timestamp="20190831 12:23:22.550" level="INFO"></msg>
<status status="PASS" starttime="20190831 12:23:22.550" endtime="20190831 12:23:22.551"></status>
</kw>
<kw name="Get Length" library="BuiltIn">
<doc>Returns and logs the length of the given item as an integer.</doc>
<arguments>
<arg>${lintext}</arg>
</arguments>
<assign>
<var>${linklength}</var>
</assign>
<msg timestamp="20190831 12:23:22.552" level="INFO">Length is 0</msg>
<msg timestamp="20190831 12:23:22.552" level="INFO">${linklength} = 0</msg>
<status status="PASS" starttime="20190831 12:23:22.551" endtime="20190831 12:23:22.553"></status>
</kw>
<kw name="Run Keyword If" library="BuiltIn">
<doc>Runs the given keyword with the given arguments, if ``condition`` is true.</doc>
<arguments>
<arg>${linklength}&gt;1</arg>
<arg>Append To List</arg>
<arg>${LinkItems}</arg>
<arg>${lintext}</arg>
</arguments>
<status status="PASS" starttime="20190831 12:23:22.553" endtime="20190831 12:23:22.553"></status>
</kw>
<status status="PASS" starttime="20190831 12:23:22.477" endtime="20190831 12:23:22.554"></status>
</kw>
<kw name="${INDEX} = 39" type="foritem">
<kw name="Log" library="BuiltIn">
<doc>Logs the given message with the given level.</doc>
<arguments>
<arg>${INDEX}</arg>
</arguments>
<msg timestamp="20190831 12:23:22.557" level="INFO">39</msg>
<status status="PASS" starttime="20190831 12:23:22.555" endtime="20190831 12:23:22.557"></status>
</kw>
<kw name="Get Text" library="Selenium2Library">
<doc>Returns the text value of element identified by ``locator``.</doc>
<arguments>
<arg>xpath=(//a)[${INDEX}]</arg>
</arguments>
<assign>
<var>${lintext}</var>
</assign>
<msg timestamp="20190831 12:23:22.650" level="INFO">${lintext} = </msg>
<status status="PASS" starttime="20190831 12:23:22.557" endtime="20190831 12:23:22.650"></status>
</kw>
<kw name="Log" library="BuiltIn">
<doc>Logs the given message with the given level.</doc>
<arguments>
<arg>${lintext}</arg>
</arguments>
<msg timestamp="20190831 12:23:22.651" level="INFO"></msg>
<status status="PASS" starttime="20190831 12:23:22.650" endtime="20190831 12:23:22.651"></status>
</kw>
<kw name="Get Length" library="BuiltIn">
<doc>Returns and logs the length of the given item as an integer.</doc>
<arguments>
<arg>${lintext}</arg>
</arguments>
<assign>
<var>${linklength}</var>
</assign>
<msg timestamp="20190831 12:23:22.652" level="INFO">Length is 0</msg>
<msg timestamp="20190831 12:23:22.652" level="INFO">${linklength} = 0</msg>
<status status="PASS" starttime="20190831 12:23:22.651" endtime="20190831 12:23:22.652"></status>
</kw>
<kw name="Run Keyword If" library="BuiltIn">
<doc>Runs the given keyword with the given arguments, if ``condition`` is true.</doc>
<arguments>
<arg>${linklength}&gt;1</arg>
<arg>Append To List</arg>
<arg>${LinkItems}</arg>
<arg>${lintext}</arg>
</arguments>
<status status="PASS" starttime="20190831 12:23:22.652" endtime="20190831 12:23:22.653"></status>
</kw>
<status status="PASS" starttime="20190831 12:23:22.554" endtime="20190831 12:23:22.653"></status>
</kw>
<kw name="${INDEX} = 40" type="foritem">
<kw name="Log" library="BuiltIn">
<doc>Logs the given message with the given level.</doc>
<arguments>
<arg>${INDEX}</arg>
</arguments>
<msg timestamp="20190831 12:23:22.654" level="INFO">40</msg>
<status status="PASS" starttime="20190831 12:23:22.654" endtime="20190831 12:23:22.655"></status>
</kw>
<kw name="Get Text" library="Selenium2Library">
<doc>Returns the text value of element identified by ``locator``.</doc>
<arguments>
<arg>xpath=(//a)[${INDEX}]</arg>
</arguments>
<assign>
[...]
<status status="PASS" starttime="20190831 12:23:31.094" endtime="20190831 12:23:31.095"></status>
</kw>
<kw name="Get Length" library="BuiltIn">
<doc>Returns and logs the length of the given item as an integer.</doc>
<arguments>
<arg>${lintext}</arg>
</arguments>
<assign>
<var>${linklength}</var>
</assign>
<msg timestamp="20190831 12:23:31.096" level="INFO">Length is 0</msg>
<msg timestamp="20190831 12:23:31.096" level="INFO">${linklength} = 0</msg>
<status status="PASS" starttime="20190831 12:23:31.095" endtime="20190831 12:23:31.097"></status>
</kw>
<kw name="Run Keyword If" library="BuiltIn">
<doc>Runs the given keyword with the given arguments, if ``condition`` is true.</doc>
<arguments>
<arg>${linklength}&gt;1</arg>
<arg>Append To List</arg>
<arg>${LinkItems}</arg>
<arg>${lintext}</arg>
</arguments>
<status status="PASS" starttime="20190831 12:23:31.097" endtime="20190831 12:23:31.098"></status>
</kw>
<status status="PASS" starttime="20190831 12:23:31.020" endtime="20190831 12:23:31.098"></status>
</kw>
<kw name="${INDEX} = 179" type="foritem">
<kw name="Log" library="BuiltIn">
<doc>Logs the given message with the given level.</doc>
<arguments>
<arg>${INDEX}</arg>
</arguments>
<msg timestamp="20190831 12:23:31.100" level="INFO">179</msg>
<status status="PASS" starttime="20190831 12:23:31.099" endtime="20190831 12:23:31.100"></status>
</kw>
<kw name="Get Text" library="Selenium2Library">
<doc>Returns the text value of element identified by ``locator``.</doc>
<arguments>
<arg>xpath=(//a)[${INDEX}]</arg>
</arguments>
<assign>
<var>${lintext}</var>
</assign>
<msg timestamp="20190831 12:23:31.169" level="INFO">${lintext} = </msg>
<status status="PASS" starttime="20190831 12:23:31.100" endtime="20190831 12:23:31.169"></status>
</kw>
<kw name="Log" library="BuiltIn">
<doc>Logs the given message with the given level.</doc>
<arguments>
<arg>${lintext}</arg>
</arguments>
<msg timestamp="20190831 12:23:31.170" level="INFO"></msg>
<status status="PASS" starttime="20190831 12:23:31.169" endtime="20190831 12:23:31.170"></status>
</kw>
<kw name="Get Length" library="BuiltIn">
<doc>Returns and logs the length of the given item as an integer.</doc>
<arguments>
<arg>${lintext}</arg>
</arguments>
<assign>
<var>${linklength}</var>
</assign>
<msg timestamp="20190831 12:23:31.171" level="INFO">Length is 0</msg>
<msg timestamp="20190831 12:23:31.172" level="INFO">${linklength} = 0</msg>
<status status="PASS" starttime="20190831 12:23:31.170" endtime="20190831 12:23:31.172"></status>
</kw>
<kw name="Run Keyword If" library="BuiltIn">
<doc>Runs the given keyword with the given arguments, if ``condition`` is true.</doc>
<arguments>
<arg>${linklength}&gt;1</arg>
<arg>Append To List</arg>
<arg>${LinkItems}</arg>
<arg>${lintext}</arg>
</arguments>
<status status="PASS" starttime="20190831 12:23:31.172" endtime="20190831 12:23:31.173"></status>
</kw>
<status status="PASS" starttime="20190831 12:23:31.099" endtime="20190831 12:23:31.174"></status>
</kw>
<kw name="${INDEX} = 180" type="foritem">
<kw name="Log" library="BuiltIn">
<doc>Logs the given message with the given level.</doc>
<arguments>
<arg>${INDEX}</arg>
</arguments>
<msg timestamp="20190831 12:23:31.175" level="INFO">180</msg>
<status status="PASS" starttime="20190831 12:23:31.174" endtime="20190831 12:23:31.175"></status>
</kw>
<kw name="Get Text" library="Selenium2Library">
<doc>Returns the text value of element identified by ``locator``.</doc>
<arguments>
<arg>xpath=(//a)[${INDEX}]</arg>
</arguments>
<assign>
<var>${lintext}</var>
</assign>
<msg timestamp="20190831 12:23:31.229" level="INFO">${lintext} = </msg>
<status status="PASS" starttime="20190831 12:23:31.175" endtime="20190831 12:23:31.230"></status>
</kw>
<kw name="Log" library="BuiltIn">
<doc>Logs the given message with the given level.</doc>
<arguments>
<arg>${lintext}</arg>
</arguments>
<msg timestamp="20190831 12:23:31.230" level="INFO"></msg>
<status status="PASS" starttime="20190831 12:23:31.230" endtime="20190831 12:23:31.230"></status>
</kw>
<kw name="Get Length" library="BuiltIn">
<doc>Returns and logs the length of the given item as an integer.</doc>
<arguments>
<arg>${lintext}</arg>
</arguments>
<assign>
<var>${linklength}</var>
</assign>
<msg timestamp="20190831 12:23:31.231" level="INFO">Length is 0</msg>
<msg timestamp="20190831 12:23:31.232" level="INFO">${linklength} = 0</msg>
<status status="PASS" starttime="20190831 12:23:31.231" endtime="20190831 12:23:31.232"></status>
</kw>
<kw name="Run Keyword If" library="BuiltIn">
<doc>Runs the given keyword with the given arguments, if ``condition`` is true.</doc>
<arguments>
<arg>${linklength}&gt;1</arg>
<arg>Append To List</arg>
<arg>${LinkItems}</arg>
<arg>${lintext}</arg>
</arguments>
<status status="PASS" starttime="20190831 12:23:31.232" endtime="20190831 12:23:31.232"></status>
</kw>
<status status="PASS" starttime="20190831 12:23:31.174" endtime="20190831 12:23:31.232"></status>
</kw>
<kw name="${INDEX} = 181" type="foritem">
<kw name="Log" library="BuiltIn">
<doc>Logs the given message with the given level.</doc>
<arguments>
<arg>${INDEX}</arg>
</arguments>
<msg timestamp="20190831 12:23:31.244" level="INFO">181</msg>
<status status="PASS" starttime="20190831 12:23:31.232" endtime="20190831 12:23:31.244"></status>
</kw>
<kw name="Get Text" library="Selenium2Library">
<doc>Returns the text value of element identified by ``locator``.</doc>
<arguments>
<arg>xpath=(//a)[${INDEX}]</arg>
</arguments>
<assign>
<var>${lintext}</var>
</assign>
<msg timestamp="20190831 12:23:31.309" level="INFO">${lintext} = </msg>
<status status="PASS" starttime="20190831 12:23:31.245" endtime="20190831 12:23:31.310"></status>
</kw>
<kw name="Log" library="BuiltIn">
<doc>Logs the given message with the given level.</doc>
<arguments>
<arg>${lintext}</arg>
</arguments>
<msg timestamp="20190831 12:23:31.310" level="INFO"></msg>
<status status="PASS" starttime="20190831 12:23:31.310" endtime="20190831 12:23:31.311"></status>
</kw>
<kw name="Get Length" library="BuiltIn">
<doc>Returns and logs the length of the given item as an integer.</doc>
<arguments>
<arg>${lintext}</arg>
</arguments>
<assign>
<var>${linklength}</var>
</assign>
<msg timestamp="20190831 12:23:31.311" level="INFO">Length is 0</msg>
<msg timestamp="20190831 12:23:31.311" level="INFO">${linklength} = 0</msg>
<status status="PASS" starttime="20190831 12:23:31.311" endtime="20190831 12:23:31.311"></status>
</kw>
<kw name="Run Keyword If" library="BuiltIn">
<doc>Runs the given keyword with the given arguments, if ``condition`` is true.</doc>
<arguments>
<arg>${linklength}&gt;1</arg>
<arg>Append To List</arg>
<arg>${LinkItems}</arg>
<arg>${lintext}</arg>
</arguments>
<status status="PASS" starttime="20190831 12:23:31.312" endtime="20190831 12:23:31.313"></status>
</kw>
<status status="PASS" starttime="20190831 12:23:31.232" endtime="20190831 12:23:31.313"></status>
</kw>
<kw name="${INDEX} = 182" type="foritem">
<kw name="Log" library="BuiltIn">
<doc>Logs the given message with the given level.</doc>
<arguments>
<arg>${INDEX}</arg>
</arguments>
<msg timestamp="20190831 12:23:31.315" level="INFO">182</msg>
<status status="PASS" starttime="20190831 12:23:31.314" endtime="20190831 12:23:31.315"></status>
</kw>
<kw name="Get Text" library="Selenium2Library">
<doc>Returns the text value of element identified by ``locator``.</doc>
<arguments>
<arg>xpath=(//a)[${INDEX}]</arg>
</arguments>
<assign>
<var>${lintext}</var>
</assign>
<msg timestamp="20190831 12:23:31.372" level="INFO">${lintext} = Privacy Policy</msg>
<status status="PASS" starttime="20190831 12:23:31.316" endtime="20190831 12:23:31.372"></status>
</kw>
<kw name="Log" library="BuiltIn">
<doc>Logs the given message with the given level.</doc>
<arguments>
<arg>${lintext}</arg>
</arguments>
<msg timestamp="20190831 12:23:31.373" level="INFO">Privacy Policy</msg>
<status status="PASS" starttime="20190831 12:23:31.373" endtime="20190831 12:23:31.373"></status>
</kw>
<kw name="Get Length" library="BuiltIn">
<doc>Returns and logs the length of the given item as an integer.</doc>
<arguments>
<arg>${lintext}</arg>
</arguments>
<assign>
<var>${linklength}</var>
</assign>
<msg timestamp="20190831 12:23:31.374" level="INFO">Length is 14</msg>
<msg timestamp="20190831 12:23:31.374" level="INFO">${linklength} = 14</msg>
<status status="PASS" starttime="20190831 12:23:31.373" endtime="20190831 12:23:31.374"></status>
</kw>
<kw name="Run Keyword If" library="BuiltIn">
<doc>Runs the given keyword with the given arguments, if ``condition`` is true.</doc>
<arguments>
<arg>${linklength}&gt;1</arg>
<arg>Append To List</arg>
<arg>${LinkItems}</arg>
<arg>${lintext}</arg>
</arguments>
<kw name="Append To List" library="Collections">
<doc>Adds ``values`` to the end of ``list``.</doc>
<arguments>
<arg>${LinkItems}</arg>
<arg>${lintext}</arg>
</arguments>
<status status="PASS" starttime="20190831 12:23:31.375" endtime="20190831 12:23:31.376"></status>
</kw>
<status status="PASS" starttime="20190831 12:23:31.374" endtime="20190831 12:23:31.376"></status>
</kw>
<status status="PASS" starttime="20190831 12:23:31.314" endtime="20190831 12:23:31.376"></status>
</kw>
<status status="PASS" starttime="20190831 12:23:20.814" endtime="20190831 12:23:31.376"></status>
</kw>
<kw name="Get Length" library="BuiltIn">
<doc>Returns and logs the length of the given item as an integer.</doc>
<arguments>
<arg>${LinkItems}</arg>
</arguments>
<assign>
<var>${LinkSize}</var>
</assign>
<msg timestamp="20190831 12:23:31.377" level="INFO">Length is 19</msg>
<msg timestamp="20190831 12:23:31.377" level="INFO">${LinkSize} = 19</msg>
<status status="PASS" starttime="20190831 12:23:31.376" endtime="20190831 12:23:31.377"></status>
</kw>
<kw name="Log" library="BuiltIn">
<doc>Logs the given message with the given level.</doc>
<arguments>
<arg>${LinkSize}</arg>
</arguments>
<msg timestamp="20190831 12:23:31.378" level="INFO">19</msg>
<status status="PASS" starttime="20190831 12:23:31.378" endtime="20190831 12:23:31.378"></status>
</kw>
<kw name="Comment" library="BuiltIn">
<doc>Displays the given messages in the log file as keyword arguments.</doc>
<arguments>
<arg>Print all links</arg>
</arguments>
<status status="PASS" starttime="20190831 12:23:31.379" endtime="20190831 12:23:31.379"></status>
</kw>
<kw name="${ELEMENT} IN [ @{LinkItems} ]" type="for">
<kw name="${ELEMENT} = SHOP" type="foritem">
<kw name="Log" library="BuiltIn">
<doc>Logs the given message with the given level.</doc>
<arguments>
<arg>${ELEMENT}</arg>
</arguments>
<msg timestamp="20190831 12:23:31.380" level="INFO">SHOP</msg>
<status status="PASS" starttime="20190831 12:23:31.380" endtime="20190831 12:23:31.381"></status>
</kw>
<status status="PASS" starttime="20190831 12:23:31.380" endtime="20190831 12:23:31.381"></status>
</kw>
<kw name="${ELEMENT} = BRANDS" type="foritem">
<kw name="Log" library="BuiltIn">
<doc>Logs the given message with the given level.</doc>
<arguments>
<arg>${ELEMENT}</arg>
</arguments>
<msg timestamp="20190831 12:23:31.381" level="INFO">BRANDS</msg>
<status status="PASS" starttime="20190831 12:23:31.381" endtime="20190831 12:23:31.381"></status>
</kw>
<status status="PASS" starttime="20190831 12:23:31.381" endtime="20190831 12:23:31.381"></status>
</kw>
<kw name="${ELEMENT} = EDUCATION" type="foritem">
<kw name="Log" library="BuiltIn">
<doc>Logs the given message with the given level.</doc>
<arguments>
<arg>${ELEMENT}</arg>
</arguments>
<msg timestamp="20190831 12:23:31.382" level="INFO">EDUCATION</msg>
<status status="PASS" starttime="20190831 12:23:31.381" endtime="20190831 12:23:31.382"></status>
</kw>
<status status="PASS" starttime="20190831 12:23:31.381" endtime="20190831 12:23:31.382"></status>
</kw>
<kw name="${ELEMENT} = QUALITY" type="foritem">
<kw name="Log" library="BuiltIn">
<doc>Logs the given message with the given level.</doc>
<arguments>
<arg>${ELEMENT}</arg>
</arguments>
<msg timestamp="20190831 12:23:31.382" level="INFO">QUALITY</msg>
<status status="PASS" starttime="20190831 12:23:31.382" endtime="20190831 12:23:31.382"></status>
</kw>
<status status="PASS" starttime="20190831 12:23:31.382" endtime="20190831 12:23:31.382"></status>
</kw>
<kw name="${ELEMENT} = Online Dispensary" type="foritem">
<kw name="Log" library="BuiltIn">
<doc>Logs the given message with the given level.</doc>
<arguments>
<arg>${ELEMENT}</arg>
</arguments>
<msg timestamp="20190831 12:23:31.383" level="INFO">Online Dispensary</msg>
<status status="PASS" starttime="20190831 12:23:31.383" endtime="20190831 12:23:31.383"></status>
</kw>
<status status="PASS" starttime="20190831 12:23:31.383" endtime="20190831 12:23:31.383"></status>
</kw>
<kw name="${ELEMENT} = Support" type="foritem">
<kw name="Log" library="BuiltIn">
<doc>Logs the given message with the given level.</doc>
<arguments>
<arg>${ELEMENT}</arg>
</arguments>
<msg timestamp="20190831 12:23:31.383" level="INFO">Support</msg>
<status status="PASS" starttime="20190831 12:23:31.383" endtime="20190831 12:23:31.384"></status>
</kw>
<status status="PASS" starttime="20190831 12:23:31.383" endtime="20190831 12:23:31.384"></status>
</kw>
<kw name="${ELEMENT} = Log In/Register" type="foritem">
<kw name="Log" library="BuiltIn">
<doc>Logs the given message with the given level.</doc>
<arguments>
<arg>${ELEMENT}</arg>
</arguments>
<msg timestamp="20190831 12:23:31.384" level="INFO">Log In/Register</msg>
<status status="PASS" starttime="20190831 12:23:31.384" endtime="20190831 12:23:31.384"></status>
</kw>
<status status="PASS" starttime="20190831 12:23:31.384" endtime="20190831 12:23:31.384"></status>
</kw>
<kw name="${ELEMENT} = 0&#10;Cart" type="foritem">
<kw name="Log" library="BuiltIn">
<doc>Logs the given message with the given level.</doc>
<arguments>
<arg>${ELEMENT}</arg>
</arguments>
<msg timestamp="20190831 12:23:31.385" level="INFO">0
Cart</msg>
<status status="PASS" starttime="20190831 12:23:31.384" endtime="20190831 12:23:31.385"></status>
</kw>
<status status="PASS" starttime="20190831 12:23:31.384" endtime="20190831 12:23:31.385"></status>
</kw>
<kw name="${ELEMENT} = SHOP ›" type="foritem">
<kw name="Log" library="BuiltIn">
<doc>Logs the given message with the given level.</doc>
<arguments>
<arg>${ELEMENT}</arg>
</arguments>
<msg timestamp="20190831 12:23:31.386" level="INFO">SHOP ›</msg>
<status status="PASS" starttime="20190831 12:23:31.385" endtime="20190831 12:23:31.386"></status>
</kw>
<status status="PASS" starttime="20190831 12:23:31.385" endtime="20190831 12:23:31.386"></status>
</kw>
<kw name="${ELEMENT} = SHOP ›" type="foritem">
<kw name="Log" library="BuiltIn">
<doc>Logs the given message with the given level.</doc>
<arguments>
<arg>${ELEMENT}</arg>
</arguments>
<msg timestamp="20190831 12:23:31.386" level="INFO">SHOP ›</msg>
<status status="PASS" starttime="20190831 12:23:31.386" endtime="20190831 12:23:31.386"></status>
</kw>
<status status="PASS" starttime="20190831 12:23:31.386" endtime="20190831 12:23:31.386"></status>
</kw>
<kw name="${ELEMENT} = SHOP ›" type="foritem">
<kw name="Log" library="BuiltIn">
<doc>Logs the given message with the given level.</doc>
<arguments>
<arg>${ELEMENT}</arg>
</arguments>
<msg timestamp="20190831 12:23:31.387" level="INFO">SHOP ›</msg>
<status status="PASS" starttime="20190831 12:23:31.386" endtime="20190831 12:23:31.387"></status>
</kw>
<status status="PASS" starttime="20190831 12:23:31.386" endtime="20190831 12:23:31.387"></status>
</kw>
<kw name="${ELEMENT} = About Us" type="foritem">
<kw name="Log" library="BuiltIn">
<doc>Logs the given message with the given level.</doc>
<arguments>
<arg>${ELEMENT}</arg>
</arguments>
<msg timestamp="20190831 12:23:31.387" level="INFO">About Us</msg>
<status status="PASS" starttime="20190831 12:23:31.387" endtime="20190831 12:23:31.387"></status>
</kw>
<status status="PASS" starttime="20190831 12:23:31.387" endtime="20190831 12:23:31.387"></status>
</kw>
<kw name="${ELEMENT} = Join Our Team" type="foritem">
<kw name="Log" library="BuiltIn">
<doc>Logs the given message with the given level.</doc>
<arguments>
<arg>${ELEMENT}</arg>
</arguments>
<msg timestamp="20190831 12:23:31.388" level="INFO">Join Our Team</msg>
<status status="PASS" starttime="20190831 12:23:31.387" endtime="20190831 12:23:31.388"></status>
</kw>
<status status="PASS" starttime="20190831 12:23:31.387" endtime="20190831 12:23:31.388"></status>
</kw>
<kw name="${ELEMENT} = Blog" type="foritem">
<kw name="Log" library="BuiltIn">
<doc>Logs the given message with the given level.</doc>
<arguments>
<arg>${ELEMENT}</arg>
</arguments>
<msg timestamp="20190831 12:23:31.388" level="INFO">Blog</msg>
<status status="PASS" starttime="20190831 12:23:31.388" endtime="20190831 12:23:31.388"></status>
</kw>
<status status="PASS" starttime="20190831 12:23:31.388" endtime="20190831 12:23:31.388"></status>
</kw>
<kw name="${ELEMENT} = Brands" type="foritem">
<kw name="Log" library="BuiltIn">
<doc>Logs the given message with the given level.</doc>
<arguments>
<arg>${ELEMENT}</arg>
</arguments>
<msg timestamp="20190831 12:23:31.389" level="INFO">Brands</msg>
<status status="PASS" starttime="20190831 12:23:31.389" endtime="20190831 12:23:31.389"></status>
</kw>
<status status="PASS" starttime="20190831 12:23:31.388" endtime="20190831 12:23:31.389"></status>
</kw>
<kw name="${ELEMENT} = Specials" type="foritem">
<kw name="Log" library="BuiltIn">
<doc>Logs the given message with the given level.</doc>
<arguments>
<arg>${ELEMENT}</arg>
</arguments>
<msg timestamp="20190831 12:23:31.389" level="INFO">Specials</msg>
<status status="PASS" starttime="20190831 12:23:31.389" endtime="20190831 12:23:31.389"></status>
</kw>
<status status="PASS" starttime="20190831 12:23:31.389" endtime="20190831 12:23:31.389"></status>
</kw>
<kw name="${ELEMENT} = FAQs" type="foritem">
<kw name="Log" library="BuiltIn">
<doc>Logs the given message with the given level.</doc>
<arguments>
<arg>${ELEMENT}</arg>
</arguments>
<msg timestamp="20190831 12:23:31.390" level="INFO">FAQs</msg>
<status status="PASS" starttime="20190831 12:23:31.390" endtime="20190831 12:23:31.390"></status>
</kw>
<status status="PASS" starttime="20190831 12:23:31.389" endtime="20190831 12:23:31.390"></status>
</kw>
<kw name="${ELEMENT} = Contact Us" type="foritem">
<kw name="Log" library="BuiltIn">
<doc>Logs the given message with the given level.</doc>
<arguments>
<arg>${ELEMENT}</arg>
</arguments>
<msg timestamp="20190831 12:23:31.391" level="INFO">Contact Us</msg>
<status status="PASS" starttime="20190831 12:23:31.390" endtime="20190831 12:23:31.391"></status>
</kw>
<status status="PASS" starttime="20190831 12:23:31.390" endtime="20190831 12:23:31.391"></status>
</kw>
<kw name="${ELEMENT} = Privacy Policy" type="foritem">
<kw name="Log" library="BuiltIn">
<doc>Logs the given message with the given level.</doc>
<arguments>
<arg>${ELEMENT}</arg>
</arguments>
<msg timestamp="20190831 12:23:31.391" level="INFO">Privacy Policy</msg>
<status status="PASS" starttime="20190831 12:23:31.391" endtime="20190831 12:23:31.391"></status>
</kw>
<status status="PASS" starttime="20190831 12:23:31.391" endtime="20190831 12:23:31.391"></status>
</kw>
<status status="PASS" starttime="20190831 12:23:31.379" endtime="20190831 12:23:31.392"></status>
</kw>
<kw name="Close Browser" library="Selenium2Library">
<doc>Closes the current browser.</doc>
<status status="PASS" starttime="20190831 12:23:31.392" endtime="20190831 12:23:34.739"></status>
</kw>
<tags>
<tag>Links</tag>
</tags>
<status status="PASS" starttime="20190831 12:23:12.722" endtime="20190831 12:23:34.741" critical="yes"></status>
</test>
<status status="PASS" starttime="20190831 12:23:12.001" endtime="20190831 12:23:34.748"></status>
</suite>
<statistics>
<total>
<stat pass="1" fail="0">Critical Tests</stat>
<stat pass="1" fail="0">All Tests</stat>
</total>
<tag>
<stat pass="1" fail="0">Links</stat>
</tag>
<suite>
<stat pass="1" fail="0" id="s1" name="Homepagelink">Homepagelink</stat>
</suite>
</statistics>
<errors>
</errors>
</robot>
